#
# There is insufficient memory for the Java Runtime Environment to continue.
# Native memory allocation (malloc) failed to allocate 32744 bytes for ChunkPool::allocate
# Possible reasons:
#   The system is out of physical RAM or swap space
#   In 32 bit mode, the process size limit was hit
# Possible solutions:
#   Reduce memory load on the system
#   Increase physical memory or swap space
#   Check if swap backing store is full
#   Use 64 bit Java on a 64 bit OS
#   Decrease Java heap size (-Xmx/-Xms)
#   Decrease number of Java threads
#   Decrease Java thread stack sizes (-Xss)
#   Set larger code cache with -XX:ReservedCodeCacheSize=
# This output file may be truncated or incomplete.
#
#  Out of Memory Error (allocation.cpp:273), pid=27668, tid=29272
#
# JRE version: Java(TM) SE Runtime Environment (8.0_45-b14) (build 1.8.0_45-b14)
# Java VM: Java HotSpot(TM) 64-Bit Server VM (25.45-b02 mixed mode windows-amd64 compressed oops)
# Failed to write core dump. Minidumps are not enabled by default on client versions of Windows
#

---------------  T H R E A D  ---------------

Current thread (0x000000001b889800):  JavaThread "C2 CompilerThread1" daemon [_thread_in_native, id=29272, stack(0x000000001ced0000,0x000000001cfd0000)]

Stack: [0x000000001ced0000,0x000000001cfd0000]
Native frames: (J=compiled Java code, j=interpreted, Vv=VM code, C=native code)
V  [jvm.dll+0x32b57a]
V  [jvm.dll+0x279873]
V  [jvm.dll+0x27a509]
V  [jvm.dll+0x271825]
V  [jvm.dll+0xcb804]
V  [jvm.dll+0xcba27]
V  [jvm.dll+0xcbeac]
V  [jvm.dll+0x4d6239]
V  [jvm.dll+0x4d6346]
V  [jvm.dll+0x4d6346]
V  [jvm.dll+0x4d6346]
V  [jvm.dll+0x4d6346]
V  [jvm.dll+0x4d6346]
V  [jvm.dll+0x4da3ea]
V  [jvm.dll+0x4db851]
V  [jvm.dll+0x4dc287]
V  [jvm.dll+0x46a551]
V  [jvm.dll+0x46cd52]
V  [jvm.dll+0x4500f2]
V  [jvm.dll+0xa4352]
V  [jvm.dll+0xa4c8f]
V  [jvm.dll+0x241984]
V  [jvm.dll+0x29853a]
C  [msvcr100.dll+0x21d9f]
C  [msvcr100.dll+0x21e3b]
C  [KERNEL32.DLL+0x13d2]
C  [ntdll.dll+0x154f4]


Current CompileTask:
C2:  54074 1945   !   4       org.apache.xmlbeans.impl.values.XmlObjectBase::check_dated (270 bytes)


---------------  P R O C E S S  ---------------

Java Threads: ( => current thread )
  0x000000001b8dc000 JavaThread "Service Thread" daemon [_thread_blocked, id=28492, stack(0x000000001d4d0000,0x000000001d5d0000)]
  0x000000001b8ca800 JavaThread "C1 CompilerThread2" daemon [_thread_blocked, id=16100, stack(0x000000001cfd0000,0x000000001d0d0000)]
=>0x000000001b889800 JavaThread "C2 CompilerThread1" daemon [_thread_in_native, id=29272, stack(0x000000001ced0000,0x000000001cfd0000)]
  0x000000001b886800 JavaThread "C2 CompilerThread0" daemon [_thread_blocked, id=24876, stack(0x000000001cdd0000,0x000000001ced0000)]
  0x000000001b884800 JavaThread "Attach Listener" daemon [_thread_blocked, id=24752, stack(0x000000001ccd0000,0x000000001cdd0000)]
  0x000000001b881800 JavaThread "Signal Dispatcher" daemon [_thread_blocked, id=27820, stack(0x000000001cbd0000,0x000000001ccd0000)]
  0x0000000002348800 JavaThread "Finalizer" daemon [_thread_blocked, id=9164, stack(0x000000001cad0000,0x000000001cbd0000)]
  0x0000000002345800 JavaThread "Reference Handler" daemon [_thread_blocked, id=28128, stack(0x000000001c9d0000,0x000000001cad0000)]
  0x0000000002255800 JavaThread "main" [_thread_in_native, id=2124, stack(0x0000000002150000,0x0000000002250000)]

Other Threads:
  0x000000001b849800 VMThread [stack: 0x000000001c8d0000,0x000000001c9d0000] [id=30252]
  0x000000001d0f9000 WatcherThread [stack: 0x000000001d5d0000,0x000000001d6d0000] [id=25412]

VM state:not at safepoint (normal execution)

VM Mutex/Monitor currently owned by a thread: None

Heap:
 PSYoungGen      total 826368K, used 205887K [0x000000076b980000, 0x00000007bb280000, 0x00000007c0000000)
  eden space 365568K, 16% used [0x000000076b980000,0x000000076f3e3998,0x0000000781e80000)
  from space 460800K, 31% used [0x000000079e080000,0x00000007a6f2c268,0x00000007ba280000)
  to   space 460800K, 0% used [0x0000000781e80000,0x0000000781e80000,0x000000079e080000)
 ParOldGen       total 2661376K, used 2148073K [0x00000006c2c00000, 0x0000000765300000, 0x000000076b980000)
  object space 2661376K, 80% used [0x00000006c2c00000,0x0000000745dba428,0x0000000765300000)
 Metaspace       used 15445K, capacity 15640K, committed 15872K, reserved 1062912K
  class space    used 1728K, capacity 1768K, committed 1792K, reserved 1048576K

Card table byte_map: [0x0000000011710000,0x0000000011f00000] byte_map_base: 0x000000000e0fa000

Marking Bits: (ParMarkBitMap*) 0x0000000072d44040
 Begin Bits: [0x0000000012850000, 0x00000000167a0000)
 End Bits:   [0x00000000167a0000, 0x000000001a6f0000)

Polling page: 0x00000000005e0000

CodeCache: size=245760Kb used=7835Kb max_used=7835Kb free=237924Kb
 bounds [0x0000000002350000, 0x0000000002b00000, 0x0000000011350000]
 total_blobs=2301 nmethods=1907 adapters=306
 compilation: enabled

Compilation events (10 events):
Event: 53.941 Thread 0x000000001b8ca800 1961       3       sun.reflect.ClassFileAssembler::setStack (25 bytes)
Event: 53.941 Thread 0x000000001b8ca800 nmethod 1961 0x0000000002af57d0 code [0x0000000002af5920, 0x0000000002af5ab0]
Event: 53.942 Thread 0x000000001b8ca800 1962       3       sun.reflect.ClassFileAssembler::emitConstantPoolClass (23 bytes)
Event: 53.942 Thread 0x000000001b8ca800 nmethod 1962 0x0000000002af4e50 code [0x0000000002af5000, 0x0000000002af54a8]
Event: 53.942 Thread 0x000000001b8ca800 1963       1       java.nio.HeapByteBuffer::_put (8 bytes)
Event: 53.943 Thread 0x000000001b8ca800 nmethod 1963 0x0000000002af4b10 code [0x0000000002af4c60, 0x0000000002af4d90]
Event: 53.952 Thread 0x000000001b8ca800 1964       3       com.microsoft.sqlserver.jdbc.ParameterUtils::scanSQLForChar (256 bytes)
Event: 53.955 Thread 0x000000001b8ca800 nmethod 1964 0x0000000002afc450 code [0x0000000002afc7e0, 0x0000000002afe738]
Event: 53.955 Thread 0x000000001b8ca800 1965       1       com.microsoft.sqlserver.jdbc.SQLServerConnection::getTDSPacketSize (5 bytes)
Event: 53.955 Thread 0x000000001b8ca800 nmethod 1965 0x0000000002ae8350 code [0x0000000002ae84a0, 0x0000000002ae85b0]

GC Heap History (10 events):
Event: 24.576 GC heap before
{Heap before GC invocations=17 (full 4):
 PSYoungGen      total 759296K, used 759274K [0x000000076b980000, 0x00000007b6700000, 0x00000007c0000000)
  eden space 298496K, 100% used [0x000000076b980000,0x000000077dd00000,0x000000077dd00000)
  from space 460800K, 99% used [0x000000079a500000,0x00000007b66faa40,0x00000007b6700000)
  to   space 460800K, 0% used [0x000000077e300000,0x000000077e300000,0x000000079a500000)
 ParOldGen       total 1876480K, used 1289585K [0x00000006c2c00000, 0x0000000735480000, 0x000000076b980000)
  object space 1876480K, 68% used [0x00000006c2c00000,0x000000071175c750,0x0000000735480000)
 Metaspace       used 9701K, capacity 9820K, committed 9856K, reserved 1058816K
  class space    used 1104K, capacity 1140K, committed 1152K, reserved 1048576K
Event: 25.433 GC heap after
Heap after GC invocations=17 (full 4):
 PSYoungGen      total 765440K, used 376542K [0x000000076b980000, 0x00000007ba280000, 0x00000007c0000000)
  eden space 304640K, 0% used [0x000000076b980000,0x000000076b980000,0x000000077e300000)
  from space 460800K, 81% used [0x000000077e300000,0x00000007952b7a68,0x000000079a500000)
  to   space 460800K, 0% used [0x000000079e080000,0x000000079e080000,0x00000007ba280000)
 ParOldGen       total 1876480K, used 1511622K [0x00000006c2c00000, 0x0000000735480000, 0x000000076b980000)
  object space 1876480K, 80% used [0x00000006c2c00000,0x000000071f0319f0,0x0000000735480000)
 Metaspace       used 9701K, capacity 9820K, committed 9856K, reserved 1058816K
  class space    used 1104K, capacity 1140K, committed 1152K, reserved 1048576K
}
Event: 26.778 GC heap before
{Heap before GC invocations=18 (full 4):
 PSYoungGen      total 765440K, used 681182K [0x000000076b980000, 0x00000007ba280000, 0x00000007c0000000)
  eden space 304640K, 100% used [0x000000076b980000,0x000000077e300000,0x000000077e300000)
  from space 460800K, 81% used [0x000000077e300000,0x00000007952b7a68,0x000000079a500000)
  to   space 460800K, 0% used [0x000000079e080000,0x000000079e080000,0x00000007ba280000)
 ParOldGen       total 1876480K, used 1511622K [0x00000006c2c00000, 0x0000000735480000, 0x000000076b980000)
  object space 1876480K, 80% used [0x00000006c2c00000,0x000000071f0319f0,0x0000000735480000)
 Metaspace       used 9701K, capacity 9820K, committed 9856K, reserved 1058816K
  class space    used 1104K, capacity 1140K, committed 1152K, reserved 1048576K
Event: 27.990 GC heap after
Heap after GC invocations=18 (full 4):
 PSYoungGen      total 826368K, used 261688K [0x000000076b980000, 0x00000007bb280000, 0x00000007c0000000)
  eden space 365568K, 0% used [0x000000076b980000,0x000000076b980000,0x0000000781e80000)
  from space 460800K, 56% used [0x000000079e080000,0x00000007ae00e128,0x00000007ba280000)
  to   space 460800K, 0% used [0x0000000781e80000,0x0000000781e80000,0x000000079e080000)
 ParOldGen       total 1876480K, used 1747395K [0x00000006c2c00000, 0x0000000735480000, 0x000000076b980000)
  object space 1876480K, 93% used [0x00000006c2c00000,0x000000072d670d70,0x0000000735480000)
 Metaspace       used 9701K, capacity 9820K, committed 9856K, reserved 1058816K
  class space    used 1104K, capacity 1140K, committed 1152K, reserved 1048576K
}
Event: 27.990 GC heap before
{Heap before GC invocations=19 (full 5):
 PSYoungGen      total 826368K, used 261688K [0x000000076b980000, 0x00000007bb280000, 0x00000007c0000000)
  eden space 365568K, 0% used [0x000000076b980000,0x000000076b980000,0x0000000781e80000)
  from space 460800K, 56% used [0x000000079e080000,0x00000007ae00e128,0x00000007ba280000)
  to   space 460800K, 0% used [0x0000000781e80000,0x0000000781e80000,0x000000079e080000)
 ParOldGen       total 1876480K, used 1747395K [0x00000006c2c00000, 0x0000000735480000, 0x000000076b980000)
  object space 1876480K, 93% used [0x00000006c2c00000,0x000000072d670d70,0x0000000735480000)
 Metaspace       used 9701K, capacity 9820K, committed 9856K, reserved 1058816K
  class space    used 1104K, capacity 1140K, committed 1152K, reserved 1048576K
Event: 42.866 GC heap after
Heap after GC invocations=19 (full 5):
 PSYoungGen      total 826368K, used 126301K [0x000000076b980000, 0x00000007bb280000, 0x00000007c0000000)
  eden space 365568K, 0% used [0x000000076b980000,0x000000076b980000,0x0000000781e80000)
  from space 460800K, 27% used [0x000000079e080000,0x00000007a5bd74f0,0x00000007ba280000)
  to   space 460800K, 0% used [0x0000000781e80000,0x0000000781e80000,0x000000079e080000)
 ParOldGen       total 2661376K, used 1876280K [0x00000006c2c00000, 0x0000000765300000, 0x000000076b980000)
  object space 2661376K, 70% used [0x00000006c2c00000,0x000000073544e028,0x0000000765300000)
 Metaspace       used 9701K, capacity 9820K, committed 9856K, reserved 1058816K
  class space    used 1104K, capacity 1140K, committed 1152K, reserved 1048576K
}
Event: 45.166 GC heap before
{Heap before GC invocations=20 (full 5):
 PSYoungGen      total 826368K, used 491869K [0x000000076b980000, 0x00000007bb280000, 0x00000007c0000000)
  eden space 365568K, 100% used [0x000000076b980000,0x0000000781e80000,0x0000000781e80000)
  from space 460800K, 27% used [0x000000079e080000,0x00000007a5bd74f0,0x00000007ba280000)
  to   space 460800K, 0% used [0x0000000781e80000,0x0000000781e80000,0x000000079e080000)
 ParOldGen       total 2661376K, used 1876280K [0x00000006c2c00000, 0x0000000765300000, 0x000000076b980000)
  object space 2661376K, 70% used [0x00000006c2c00000,0x000000073544e028,0x0000000765300000)
 Metaspace       used 9703K, capacity 9820K, committed 9856K, reserved 1058816K
  class space    used 1104K, capacity 1140K, committed 1152K, reserved 1048576K
Event: 46.495 GC heap after
Heap after GC invocations=20 (full 5):
 PSYoungGen      total 826368K, used 144672K [0x000000076b980000, 0x00000007bb280000, 0x00000007c0000000)
  eden space 365568K, 0% used [0x000000076b980000,0x000000076b980000,0x0000000781e80000)
  from space 460800K, 31% used [0x0000000781e80000,0x000000078abc8000,0x000000079e080000)
  to   space 460800K, 0% used [0x000000079e080000,0x000000079e080000,0x00000007ba280000)
 ParOldGen       total 2661376K, used 2003065K [0x00000006c2c00000, 0x0000000765300000, 0x000000076b980000)
  object space 2661376K, 75% used [0x00000006c2c00000,0x000000073d01e428,0x0000000765300000)
 Metaspace       used 9703K, capacity 9820K, committed 9856K, reserved 1058816K
  class space    used 1104K, capacity 1140K, committed 1152K, reserved 1048576K
}
Event: 48.497 GC heap before
{Heap before GC invocations=21 (full 5):
 PSYoungGen      total 826368K, used 510240K [0x000000076b980000, 0x00000007bb280000, 0x00000007c0000000)
  eden space 365568K, 100% used [0x000000076b980000,0x0000000781e80000,0x0000000781e80000)
  from space 460800K, 31% used [0x0000000781e80000,0x000000078abc8000,0x000000079e080000)
  to   space 460800K, 0% used [0x000000079e080000,0x000000079e080000,0x00000007ba280000)
 ParOldGen       total 2661376K, used 2003065K [0x00000006c2c00000, 0x0000000765300000, 0x000000076b980000)
  object space 2661376K, 75% used [0x00000006c2c00000,0x000000073d01e428,0x0000000765300000)
 Metaspace       used 10106K, capacity 10210K, committed 10496K, reserved 1058816K
  class space    used 1152K, capacity 1205K, committed 1280K, reserved 1048576K
Event: 49.966 GC heap after
Heap after GC invocations=21 (full 5):
 PSYoungGen      total 826368K, used 146096K [0x000000076b980000, 0x00000007bb280000, 0x00000007c0000000)
  eden space 365568K, 0% used [0x000000076b980000,0x000000076b980000,0x0000000781e80000)
  from space 460800K, 31% used [0x000000079e080000,0x00000007a6f2c268,0x00000007ba280000)
  to   space 460800K, 0% used [0x0000000781e80000,0x0000000781e80000,0x000000079e080000)
 ParOldGen       total 2661376K, used 2148073K [0x00000006c2c00000, 0x0000000765300000, 0x000000076b980000)
  object space 2661376K, 80% used [0x00000006c2c00000,0x0000000745dba428,0x0000000765300000)
 Metaspace       used 10106K, capacity 10210K, committed 10496K, reserved 1058816K
  class space    used 1152K, capacity 1205K, committed 1280K, reserved 1048576K
}

Deoptimization events (10 events):
Event: 52.250 Thread 0x0000000002255800 Uncommon trap: reason=unstable_if action=reinterpret pc=0x0000000002850214 method=java.lang.String.substring(I)Ljava/lang/String; @ 35
Event: 52.251 Thread 0x0000000002255800 Uncommon trap: reason=class_check action=maybe_recompile pc=0x00000000028a26fc method=org.apache.xmlbeans.impl.values.XmlObjectBase.check_element_dated()V @ 44
Event: 52.251 Thread 0x0000000002255800 Uncommon trap: reason=class_check action=maybe_recompile pc=0x00000000028a26fc method=org.apache.xmlbeans.impl.values.XmlObjectBase.check_element_dated()V @ 44
Event: 52.251 Thread 0x0000000002255800 Uncommon trap: reason=class_check action=maybe_recompile pc=0x00000000028a26fc method=org.apache.xmlbeans.impl.values.XmlObjectBase.check_element_dated()V @ 44
Event: 52.251 Thread 0x0000000002255800 Uncommon trap: reason=class_check action=maybe_recompile pc=0x000000000293ac90 method=org.apache.xmlbeans.impl.values.XmlObjectBase.check_dated()V @ 118
Event: 52.251 Thread 0x0000000002255800 Uncommon trap: reason=unstable_if action=reinterpret pc=0x0000000002891b28 method=org.apache.xmlbeans.impl.store.CharUtil.getString(Ljava/lang/Object;II)Ljava/lang/String; @ 24
Event: 52.251 Thread 0x0000000002255800 Uncommon trap: reason=class_check action=maybe_recompile pc=0x000000000293ac90 method=org.apache.xmlbeans.impl.values.XmlObjectBase.check_dated()V @ 118
Event: 52.251 Thread 0x0000000002255800 Uncommon trap: reason=class_check action=maybe_recompile pc=0x000000000293ac90 method=org.apache.xmlbeans.impl.values.XmlObjectBase.check_dated()V @ 118
Event: 52.251 Thread 0x0000000002255800 Uncommon trap: reason=class_check action=maybe_recompile pc=0x000000000293ac90 method=org.apache.xmlbeans.impl.values.XmlObjectBase.check_dated()V @ 118
Event: 53.566 Thread 0x0000000002255800 Uncommon trap: reason=predicate action=maybe_recompile pc=0x000000000253fba0 method=java.util.regex.Pattern$SliceI.match(Ljava/util/regex/Matcher;ILjava/lang/CharSequence;)Z @ 21

Internal exceptions (10 events):
Event: 50.330 Thread 0x0000000002255800 Exception <a 'java/lang/ClassNotFoundException': org/apache/log4j/AppenderSkeletonCustomizer> (0x000000076d36d3d8) thrown at [C:\re\workspace\8-2-build-windows-amd64-cygwin\jdk8u45\3457\hotspot\src\share\vm\classfile\systemDictionary.cpp, line 210]
Event: 50.332 Thread 0x0000000002255800 Exception <a 'java/lang/ClassNotFoundException': org/apache/log4j/WriterAppenderCustomizer> (0x000000076d39b408) thrown at [C:\re\workspace\8-2-build-windows-amd64-cygwin\jdk8u45\3457\hotspot\src\share\vm\classfile\systemDictionary.cpp, line 210]
Event: 50.334 Thread 0x0000000002255800 Exception <a 'java/lang/ClassNotFoundException': org/apache/log4j/ConsoleAppenderCustomizer> (0x000000076d3c28c0) thrown at [C:\re\workspace\8-2-build-windows-amd64-cygwin\jdk8u45\3457\hotspot\src\share\vm\classfile\systemDictionary.cpp, line 210]
Event: 50.345 Thread 0x0000000002255800 Exception <a 'java/lang/ClassNotFoundException': org/apache/log4j/RollingFileAppenderBeanInfo> (0x000000076d40c768) thrown at [C:\re\workspace\8-2-build-windows-amd64-cygwin\jdk8u45\3457\hotspot\src\share\vm\classfile\systemDictionary.cpp, line 210]
Event: 50.346 Thread 0x0000000002255800 Exception <a 'java/lang/ClassNotFoundException': org/apache/log4j/FileAppenderBeanInfo> (0x000000076d425ad0) thrown at [C:\re\workspace\8-2-build-windows-amd64-cygwin\jdk8u45\3457\hotspot\src\share\vm\classfile\systemDictionary.cpp, line 210]
Event: 50.346 Thread 0x0000000002255800 Exception <a 'java/lang/ClassNotFoundException': org/apache/log4j/FileAppenderCustomizer> (0x000000076d43f690) thrown at [C:\re\workspace\8-2-build-windows-amd64-cygwin\jdk8u45\3457\hotspot\src\share\vm\classfile\systemDictionary.cpp, line 210]
Event: 50.348 Thread 0x0000000002255800 Exception <a 'java/lang/ClassNotFoundException': org/apache/log4j/RollingFileAppenderCustomizer> (0x000000076d4689a0) thrown at [C:\re\workspace\8-2-build-windows-amd64-cygwin\jdk8u45\3457\hotspot\src\share\vm\classfile\systemDictionary.cpp, line 210]
Event: 50.351 Thread 0x0000000002255800 Implicit null exception at 0x00000000025a3a99 to 0x00000000025a3e01
Event: 50.390 Thread 0x0000000002255800 Implicit null exception at 0x00000000028134cf to 0x00000000028135a5
Event: 50.700 Thread 0x0000000002255800 Implicit null exception at 0x0000000002654c96 to 0x0000000002654fed

Events (10 events):
Event: 52.957 Thread 0x000000001b889800 flushing nmethod 0x000000000251a150
Event: 52.957 Thread 0x000000001b889800 flushing nmethod 0x0000000002521290
Event: 52.957 Thread 0x000000001b889800 flushing nmethod 0x0000000002522210
Event: 52.957 Thread 0x000000001b889800 flushing nmethod 0x0000000002527110
Event: 52.993 Thread 0x000000001b8ca800 flushing nmethod 0x000000000252d390
Event: 52.993 Thread 0x000000001b8ca800 flushing nmethod 0x000000000253e410
Event: 53.120 Thread 0x000000001b8ca800 flushing nmethod 0x0000000002618950
Event: 53.566 Thread 0x0000000002255800 Uncommon trap: trap_request=0xffffff86 fr.pc=0x000000000253fba0
Event: 53.566 Thread 0x0000000002255800 DEOPT PACKING pc=0x000000000253fba0 sp=0x000000000224de70
Event: 53.566 Thread 0x0000000002255800 DEOPT UNPACKING pc=0x000000000239582a sp=0x000000000224de10 mode 2


Dynamic libraries:
0x00007ff7ee9e0000 - 0x00007ff7eea17000 	C:\Program Files\Java\jdk1.8.0_45\bin\java.exe
0x00007ff9df4c0000 - 0x00007ff9df66d000 	C:\WINDOWS\SYSTEM32\ntdll.dll
0x00007ff9dd460000 - 0x00007ff9dd59e000 	C:\WINDOWS\system32\KERNEL32.DLL
0x00007ff9bf830000 - 0x00007ff9bf863000 	C:\Program Files (x86)\AVG\Antivirus\x64\aswhooka.dll
0x00007ff9dc6c0000 - 0x00007ff9dc7d5000 	C:\WINDOWS\system32\KERNELBASE.dll
0x00007ff9db160000 - 0x00007ff9db1ee000 	C:\WINDOWS\system32\apphelp.dll
0x00007ff9b62a0000 - 0x00007ff9b62f3000 	C:\WINDOWS\AppPatch\AppPatch64\AcGenral.DLL
0x00007ff9df3b0000 - 0x00007ff9df45a000 	C:\WINDOWS\system32\msvcrt.dll
0x00007ff9dcb20000 - 0x00007ff9dcb4e000 	C:\WINDOWS\system32\SspiCli.dll
0x00007ff9df170000 - 0x00007ff9df1c4000 	C:\WINDOWS\system32\SHLWAPI.dll
0x00007ff9df1d0000 - 0x00007ff9df347000 	C:\WINDOWS\system32\USER32.dll
0x00007ff9dd5a0000 - 0x00007ff9dd734000 	C:\WINDOWS\system32\ole32.dll
0x00007ff9ddc30000 - 0x00007ff9df159000 	C:\WINDOWS\system32\SHELL32.dll
0x00007ff9dbc30000 - 0x00007ff9dbc51000 	C:\WINDOWS\SYSTEM32\USERENV.dll
0x00007ff9dcd80000 - 0x00007ff9dce2a000 	C:\WINDOWS\system32\ADVAPI32.dll
0x00007ff9d1050000 - 0x00007ff9d106e000 	C:\WINDOWS\SYSTEM32\MPR.dll
0x00007ff9dd320000 - 0x00007ff9dd460000 	C:\WINDOWS\system32\RPCRT4.dll
0x00007ff9df460000 - 0x00007ff9df4b9000 	C:\WINDOWS\SYSTEM32\sechost.dll
0x00007ff9dcb60000 - 0x00007ff9dcd72000 	C:\WINDOWS\SYSTEM32\combase.dll
0x00007ff9ddae0000 - 0x00007ff9ddc2b000 	C:\WINDOWS\system32\GDI32.dll
0x00007ff9dc5f0000 - 0x00007ff9dc605000 	C:\WINDOWS\SYSTEM32\profapi.dll
0x00007ff9dab30000 - 0x00007ff9dabe2000 	C:\WINDOWS\SYSTEM32\SHCORE.dll
0x00007ff9dd0a0000 - 0x00007ff9dd0d6000 	C:\WINDOWS\system32\IMM32.DLL
0x00007ff9dd7a0000 - 0x00007ff9dd8f2000 	C:\WINDOWS\system32\MSCTF.dll
0x00007ff9da060000 - 0x00007ff9da2db000 	C:\WINDOWS\WinSxS\amd64_microsoft.windows.common-controls_6595b64144ccf1df_6.0.9600.18006_none_623f33d3ecbe86e8\COMCTL32.dll
0x0000000072460000 - 0x0000000072532000 	C:\Program Files\Java\jdk1.8.0_45\jre\bin\msvcr100.dll
0x0000000072540000 - 0x0000000072dc3000 	C:\Program Files\Java\jdk1.8.0_45\jre\bin\server\jvm.dll
0x00007ff9d1830000 - 0x00007ff9d1839000 	C:\WINDOWS\SYSTEM32\WSOCK32.dll
0x00007ff9d56d0000 - 0x00007ff9d56f2000 	C:\WINDOWS\SYSTEM32\WINMM.dll
0x00007ff9db670000 - 0x00007ff9db67a000 	C:\WINDOWS\SYSTEM32\VERSION.dll
0x00007ff9dce30000 - 0x00007ff9dce37000 	C:\WINDOWS\system32\PSAPI.DLL
0x00007ff9df350000 - 0x00007ff9df3aa000 	C:\WINDOWS\system32\WS2_32.dll
0x00007ff9d56a0000 - 0x00007ff9d56ca000 	C:\WINDOWS\SYSTEM32\WINMMBASE.dll
0x00007ff9df160000 - 0x00007ff9df169000 	C:\WINDOWS\system32\NSI.dll
0x00007ff9dcad0000 - 0x00007ff9dcb1f000 	C:\WINDOWS\SYSTEM32\cfgmgr32.dll
0x00007ff9db3b0000 - 0x00007ff9db3d8000 	C:\WINDOWS\SYSTEM32\DEVOBJ.dll
0x0000000072410000 - 0x000000007241f000 	C:\Program Files\Java\jdk1.8.0_45\jre\bin\verify.dll
0x00000000723e0000 - 0x0000000072409000 	C:\Program Files\Java\jdk1.8.0_45\jre\bin\java.dll
0x00000000723c0000 - 0x00000000723d6000 	C:\Program Files\Java\jdk1.8.0_45\jre\bin\zip.dll
0x00000000723a0000 - 0x00000000723ba000 	C:\Program Files\Java\jdk1.8.0_45\jre\bin\net.dll
0x0000000180000000 - 0x000000018006d000 	C:\WINDOWS\system32\LavasoftTcpService64.dll
0x00007ff9dbef0000 - 0x00007ff9dbf49000 	C:\WINDOWS\SYSTEM32\MSWSOCK.dll
0x00007ff9db680000 - 0x00007ff9db6aa000 	C:\WINDOWS\SYSTEM32\IPHLPAPI.DLL
0x00007ff9dcfd0000 - 0x00007ff9dd096000 	C:\WINDOWS\system32\OLEAUT32.dll
0x00007ff9db660000 - 0x00007ff9db66a000 	C:\WINDOWS\SYSTEM32\WINNSI.DLL
0x00007ff9db420000 - 0x00007ff9db42b000 	C:\WINDOWS\SYSTEM32\kernel.appcore.dll
0x00007ff9dc530000 - 0x00007ff9dc53b000 	C:\WINDOWS\SYSTEM32\CRYPTBASE.dll
0x00007ff9dc4c0000 - 0x00007ff9dc523000 	C:\WINDOWS\SYSTEM32\bcryptPrimitives.dll
0x00007ff9db230000 - 0x00007ff9db359000 	C:\WINDOWS\system32\uxtheme.dll
0x0000000072100000 - 0x0000000072124000 	C:\Program Files\Java\jdk1.8.0_45\jre\bin\sunec.dll
0x00007ff9dbf50000 - 0x00007ff9dbf70000 	C:\WINDOWS\SYSTEM32\CRYPTSP.dll
0x00007ff9dbb20000 - 0x00007ff9dbb56000 	C:\WINDOWS\system32\rsaenh.dll
0x00007ff9dc1a0000 - 0x00007ff9dc1c6000 	C:\WINDOWS\SYSTEM32\bcrypt.dll
0x00007ff9d73c0000 - 0x00007ff9d73d6000 	C:\WINDOWS\SYSTEM32\dhcpcsvc6.DLL
0x00007ff9d73a0000 - 0x00007ff9d73ba000 	C:\WINDOWS\SYSTEM32\dhcpcsvc.DLL
0x00007ff9dcf10000 - 0x00007ff9dcfc6000 	C:\WINDOWS\SYSTEM32\clbcatq.dll
0x0000000072380000 - 0x0000000072391000 	C:\Program Files\Java\jdk1.8.0_45\jre\bin\nio.dll
0x00007ff9d2380000 - 0x00007ff9d2395000 	C:\WINDOWS\system32\napinsp.dll
0x00007ff9d2360000 - 0x00007ff9d237a000 	C:\WINDOWS\system32\pnrpnsp.dll
0x00007ff9d9220000 - 0x00007ff9d923b000 	C:\WINDOWS\system32\NLAapi.dll
0x00007ff9dbcf0000 - 0x00007ff9dbd94000 	C:\WINDOWS\SYSTEM32\DNSAPI.dll
0x00007ff9d2540000 - 0x00007ff9d254d000 	C:\WINDOWS\System32\winrnr.dll
0x00007ff9d23d0000 - 0x00007ff9d23da000 	C:\Windows\System32\rasadhlp.dll
0x00007ff9d7090000 - 0x00007ff9d70fb000 	C:\WINDOWS\System32\fwpuclnt.dll
0x00007ff9dc540000 - 0x00007ff9dc5d9000 	C:\WINDOWS\SYSTEM32\sxs.dll
0x00007ff9d3070000 - 0x00007ff9d31f9000 	C:\WINDOWS\SYSTEM32\dbghelp.dll

VM Arguments:
jvm_args: -Dfile.encoding=UTF-8 -Xbootclasspath/p:C:\Program Files\NetBeans 8.2\enterprise\modules\ext\javaee6-endorsed\javax.annotation.jar;C:\Program Files\NetBeans 8.2\enterprise\modules\ext\javaee6-endorsed\jaxb-api-osgi.jar;C:\Program Files\NetBeans 8.2\enterprise\modules\ext\javaee6-endorsed\webservices-api-osgi.jar 
java_command: com.sfe.uploads.CustomerDemo
java_class_path (initial): C:\Users\Levi\Documents\I&M Banks\Refactored\sfe\build\web\WEB-INF\classes;C:\Users\Levi\Documents\I&M Banks\Refactored\sfe\lib\RXTXcomm.jar;C:\Users\Levi\Documents\I&M Banks\Refactored\sfe\lib\antlr-2.7.7 (2).jar;C:\Users\Levi\Documents\I&M Banks\Refactored\sfe\lib\antlr-2.7.7.jar;C:\Users\Levi\Documents\I&M Banks\Refactored\sfe\lib\apache-logging-log4j.jar;C:\Users\Levi\Documents\I&M Banks\Refactored\sfe\lib\asm-all-repackaged-2.1.88.jar;C:\Users\Levi\Documents\I&M Banks\Refactored\sfe\lib\c3p0-0.9.2.1.jar;C:\Users\Levi\Documents\I&M Banks\Refactored\sfe\lib\cglib-2.1.88.jar;C:\Users\Levi\Documents\I&M Banks\Refactored\sfe\lib\com.lowagie.text-2.1.7.jar;C:\Users\Levi\Documents\I&M Banks\Refactored\sfe\lib\com.mysql.jdbc_5.1.5.jar;C:\Users\Levi\Documents\I&M Banks\Refactored\sfe\lib\commons-beanutils-1.9.1 (2).jar;C:\Users\Levi\Documents\I&M Banks\Refactored\sfe\lib\commons-beanutils-1.9.1.jar;C:\Users\Levi\Documents\I&M Banks\Refactored\sfe\lib\commons-beanutils.jar;C:\Users\Levi\Documents\I&M Banks\Refactored\sfe\lib\commons-cli-1.2.jar;C:\Users\Levi\Documents\I&M Banks\Refactored\sfe\lib\commons-cli.jar;C:\Users\Levi\Documents\I&M Banks\Refactored\sfe\lib\commons-codec.jar;C:\Users\Levi\Documents\I&M Banks\Refactored\sfe\lib\commons-collections-3.2.2.jar;C:\Users\Levi\Documents\I&M Banks\Refactored\sfe\lib\commons-digester.jar;C:\Users\Levi\Documents\I&M Banks\Refactored\sfe\lib\commons-httpclient-3.1.jar;C:\Users\Levi\Documents\I&M Banks\Refactored\sfe\lib\commons-io-2.4.jar;C:\Users\Levi\Documents\I&M Banks\Refactored\sfe\lib\commons-javaflow-1209105-sources.jar;C:\Users\Levi\Documents\I&M Banks\Refactored\sfe\lib\commons-lang.jar;C:\Users\Levi\Documents\I&M Banks\Refactored\sfe\lib\commons-logging-1.1.jar;C:\Users\Levi\Documents\I&M Banks\Refactored\sfe\lib\commons-net-2.0.jar;C:\Users\Levi\Documents\I&M Banks\Refactored\sfe\lib\dom4j-1.6.1.jar;C:\Users\Levi\Documents\I&M Banks\Refactored\sfe\lib\ehcache-core-2.4.3.jar;C:\Users\Le
Launcher Type: SUN_STANDARD

Environment Variables:
JAVA_HOME=C:\Program Files\Java\jdk1.8.0_45
CLASSPATH=.;C:\Program Files\Java\jdk1.8.0_45;C:\Program Files\Java\jdk1.8.0_45\jre;C:\Program Files\Java\jdk1.8.0_45\lib;C:\Program Files\Java\jdk1.8.0_45\jre\lib;C:\Program Files\Java\jdk1.8.0_45
PATH=C:\oraclexe\app\oracle\product\11.2.0\server\bin;C:\ProgramData\Oracle\Java\javapath;C:\Program Files (x86)\Intel\iCLS Client\;C:\Program Files\Intel\iCLS Client\;C:\WINDOWS\system32;C:\WINDOWS;C:\WINDOWS\System32\Wbem;C:\WINDOWS\System32\WindowsPowerShell\v1.0\;C:\Program Files\Intel\Intel(R) Management Engine Components\DAL;C:\Program Files\Intel\Intel(R) Management Engine Components\IPT;C:\Program Files (x86)\Intel\Intel(R) Management Engine Components\DAL;C:\Program Files (x86)\Intel\Intel(R) Management Engine Components\IPT;C:\Program Files (x86)\Intel\OpenCL SDK\2.0\bin\x86;C:\Program Files (x86)\Intel\OpenCL SDK\2.0\bin\x64;C:\ProgramData\Lenovo\ReadyApps;C:\Program Files\Intel\WiFi\bin\;C:\Program Files\Common Files\Intel\WirelessCommon\;C:\apache-tomcat-9.0.0.M18\bin;C:\Program Files\Microsoft SQL Server\110\DTS\Binn\;C:\Program Files (x86)\Microsoft SQL Server\110\Tools\Binn\;C:\Program Files\Microsoft SQL Server\110\Tools\Binn\;C:\apache-maven-3.5.0\bin;C:\Program Files (x86)\Microsof;C:\Program Files\nodejs\;C:\Program Files (x86)\Skype\Phone\;C:\Program Files\Microsoft SQL Server Migration Assistant for Access\bin\;C:\Program Files\Git\cmd;C:\Users\Levi\AppData\Roaming\npm
USERNAME=Levi
OS=Windows_NT
PROCESSOR_IDENTIFIER=Intel64 Family 6 Model 58 Stepping 9, GenuineIntel



---------------  S Y S T E M  ---------------

OS: Windows 8.1 , 64 bit Build 9600 (6.3.9600.17415)

CPU:total 4 (2 cores per cpu, 2 threads per core) family 6 model 58 stepping 9, cmov, cx8, fxsr, mmx, sse, sse2, sse3, ssse3, sse4.1, sse4.2, popcnt, avx, aes, clmul, erms, ht, tsc, tscinvbit, tscinv

Memory: 4k page, physical 16592480k(1126520k free), swap 19726688k(5104k free)

vm_info: Java HotSpot(TM) 64-Bit Server VM (25.45-b02) for windows-amd64 JRE (1.8.0_45-b14), built on Apr 10 2015 10:34:15 by "java_re" with MS VC++ 10.0 (VS2010)

time: Thu Sep 28 18:00:40 2017
elapsed time: 54 seconds (0d 0h 0m 54s)

