#
# A fatal error has been detected by the Java Runtime Environment:
#
#  EXCEPTION_ACCESS_VIOLATION (0xc0000005) at pc=0x0000000072652b18, pid=26564, tid=24700
#
# JRE version: Java(TM) SE Runtime Environment (8.0_45-b14) (build 1.8.0_45-b14)
# Java VM: Java HotSpot(TM) 64-Bit Server VM (25.45-b02 mixed mode windows-amd64 compressed oops)
# Problematic frame:
# V  [jvm.dll+0x112b18]
#
# Failed to write core dump. Minidumps are not enabled by default on client versions of Windows
#
# If you would like to submit a bug report, please visit:
#   http://bugreport.java.com/bugreport/crash.jsp
#

---------------  T H R E A D  ---------------

Current thread (0x0000000002afe000):  GCTaskThread [stack: 0x0000000012de0000,0x0000000012ee0000] [id=24700]

siginfo: ExceptionCode=0xc0000005, reading address 0xffffffffffffffff

Registers:
RAX=0x00000000130e0000, RBX=0x0000000000002000, RCX=0x0000000000000000, RDX=0x0000000000000000
RSP=0x0000000012edf830, RBP=0x00000007220f7e54, RSI=0x000000001c054f60, RDI=0x000000001c054f60
R8 =0x007ffffffc9ea010, R9 =0x00000007c00d1c10, R10=0x000000000000000c, R11=0x0000000072b349c8
R12=0x00000007220f7e80, R13=0x00000007c00d25a0, R14=0x00000007c00d25b0, R15=0x00000007220f7e28
RIP=0x0000000072652b18, EFLAGS=0x0000000000010246

Top of Stack: (sp=0x0000000012edf830)
0x0000000012edf830:   00000007c00d1c10 00000007220f7e04
0x0000000012edf840:   000000000000000c 0000000072759a62
0x0000000012edf850:   0000000000000000 0000000002afe310
0x0000000012edf860:   0000000002af2f40 0000000000000001
0x0000000012edf870:   0000000000007628 000000007292f680
0x0000000012edf880:   000000001c812180 0000000000000000
0x0000000012edf890:   000000001c054f60 0000000072b84a88
0x0000000012edf8a0:   00000006cd2db7e8 00000000729335c8
0x0000000012edf8b0:   0000000072d44040 0000000000000002
0x0000000012edf8c0:   0000000600000000 00011f0000007634
0x0000000012edf8d0:   00000006cfdc8fe0 0000000072652be6
0x0000000012edf8e0:   00000006cd2db7e8 0000000002af2f40
0x0000000012edf8f0:   0000000002afe320 0000000002afe310
0x0000000012edf900:   0000000072b84a88 0000000000000001
0x0000000012edf910:   000000001dd54e10 0000000000000000
0x0000000012edf920:   000000001c054f60 000000007292d0af 

Instructions: (pc=0x0000000072652b18)
0x0000000072652af8:   05 43 15 6f 00 49 c1 e8 03 49 d3 e8 41 0f b6 c0
0x0000000072652b08:   49 c1 e8 06 24 3f 0f b6 d0 48 8b 05 58 15 6f 00
0x0000000072652b18:   4a 8b 0c c0 48 0f a3 d1 0f 82 59 01 00 00 0f b6
0x0000000072652b28:   15 b4 71 6e 00 84 d2 74 16 44 8b 43 08 8b 0d 6d 


Register to memory mapping:

RAX=0x00000000130e0000 is an unknown value
RBX=0x0000000000002000 is an unknown value
RCX=0x0000000000000000 is an unknown value
RDX=0x0000000000000000 is an unknown value
RSP=0x0000000012edf830 is an unknown value
RBP=0x00000007220f7e54 is pointing into object: 0x00000007220f7e28
org.apache.xmlbeans.impl.store.Xobj$ElementXobj 
 - klass: 'org/apache/xmlbeans/impl/store/Xobj$ElementXobj'
RSI=0x000000001c054f60 is an unknown value
RDI=0x000000001c054f60 is an unknown value
R8 =0x007ffffffc9ea010 is an unknown value
R9 =0x00000007c00d1c10 is pointing into metadata
R10=0x000000000000000c is an unknown value
R11=0x0000000072b349c8 is an unknown value
R12=0x00000007220f7e80 is pointing into object: 0x00000007220f7e28
org.apache.xmlbeans.impl.store.Xobj$ElementXobj 
 - klass: 'org/apache/xmlbeans/impl/store/Xobj$ElementXobj'
R13=0x00000007c00d25a0 is pointing into metadata
R14=0x00000007c00d25b0 is pointing into metadata
R15=0x00000007220f7e28 is an oop
org.apache.xmlbeans.impl.store.Xobj$ElementXobj 
 - klass: 'org/apache/xmlbeans/impl/store/Xobj$ElementXobj'


Stack: [0x0000000012de0000,0x0000000012ee0000],  sp=0x0000000012edf830,  free space=1022k
Native frames: (J=compiled Java code, j=interpreted, Vv=VM code, C=native code)
V  [jvm.dll+0x112b18]
V  [jvm.dll+0x3ef680]
V  [jvm.dll+0x3ed0af]
V  [jvm.dll+0x3ea33e]
V  [jvm.dll+0x29853a]
C  [msvcr100.dll+0x21d9f]
C  [msvcr100.dll+0x21e3b]
C  [KERNEL32.DLL+0x13d2]
C  [ntdll.dll+0x154f4]


---------------  P R O C E S S  ---------------

Java Threads: ( => current thread )
  0x000000001d990800 JavaThread "Service Thread" daemon [_thread_blocked, id=23768, stack(0x000000001dd60000,0x000000001de60000)]
  0x000000001c120800 JavaThread "C1 CompilerThread2" daemon [_thread_blocked, id=29476, stack(0x000000001d860000,0x000000001d960000)]
  0x000000001c11d000 JavaThread "C2 CompilerThread1" daemon [_thread_blocked, id=28696, stack(0x000000001d760000,0x000000001d860000)]
  0x000000001c117800 JavaThread "C2 CompilerThread0" daemon [_thread_blocked, id=30580, stack(0x000000001d660000,0x000000001d760000)]
  0x000000001c115800 JavaThread "Attach Listener" daemon [_thread_blocked, id=28972, stack(0x000000001d560000,0x000000001d660000)]
  0x000000001c112000 JavaThread "Signal Dispatcher" daemon [_thread_blocked, id=18184, stack(0x000000001d460000,0x000000001d560000)]
  0x0000000002bd9000 JavaThread "Finalizer" daemon [_thread_blocked, id=30420, stack(0x000000001d360000,0x000000001d460000)]
  0x0000000002bd5000 JavaThread "Reference Handler" daemon [_thread_blocked, id=25288, stack(0x000000001d260000,0x000000001d360000)]
  0x0000000002ae5800 JavaThread "main" [_thread_blocked, id=1484, stack(0x00000000029e0000,0x0000000002ae0000)]

Other Threads:
  0x000000001c0d7800 VMThread [stack: 0x000000001d160000,0x000000001d260000] [id=27596]
  0x000000001c16c000 WatcherThread [stack: 0x000000001de60000,0x000000001df60000] [id=16712]

=>0x0000000002afe000 (exited) GCTaskThread [stack: 0x0000000012de0000,0x0000000012ee0000] [id=24700]

VM state:at safepoint (normal execution)

VM Mutex/Monitor currently owned by a thread:  ([mutex/lock_event])
[0x0000000002ae2d50] Threads_lock - owner thread: 0x000000001c0d7800
[0x0000000002ae25d0] Heap_lock - owner thread: 0x0000000002ae5800

Heap:
 PSYoungGen      total 755712K, used 280048K [0x000000076b980000, 0x00000007b6000000, 0x00000007c0000000)
  eden space 294912K, 0% used [0x000000076b980000,0x000000076b980000,0x000000077d980000)
  from space 460800K, 60% used [0x0000000799b80000,0x00000007aacfc258,0x00000007b5d80000)
  to   space 460800K, 0% used [0x000000077d980000,0x000000077d980000,0x0000000799b80000)
 ParOldGen       total 2271232K, used 2005374K [0x00000006c2c00000, 0x000000074d600000, 0x000000076b980000)
  object space 2271232K, 88% used [0x00000006c2c00000,0x000000073d25f8c0,0x000000074d600000)
 Metaspace       used 10131K, capacity 10274K, committed 10496K, reserved 1058816K
  class space    used 1152K, capacity 1205K, committed 1280K, reserved 1048576K

Card table byte_map: [0x0000000011fa0000,0x0000000012790000] byte_map_base: 0x000000000e98a000

Marking Bits: (ParMarkBitMap*) 0x0000000072d44040
 Begin Bits: [0x00000000130e0000, 0x0000000017030000)
 End Bits:   [0x0000000017030000, 0x000000001af80000)

Polling page: 0x0000000002760000

CodeCache: size=245760Kb used=6247Kb max_used=6261Kb free=239512Kb
 bounds [0x0000000002be0000, 0x0000000003210000, 0x0000000011be0000]
 total_blobs=1613 nmethods=1277 adapters=248
 compilation: enabled

Compilation events (10 events):
Event: 30.450 Thread 0x000000001c11d000 1284       4       java.util.TreeMap::successor (66 bytes)
Event: 30.452 Thread 0x000000001c11d000 nmethod 1284 0x00000000031f80d0 code [0x00000000031f8200, 0x00000000031f82b8]
Event: 30.452 Thread 0x000000001c11d000 1279       4       java.util.TreeMap$PrivateEntryIterator::hasNext (13 bytes)
Event: 30.453 Thread 0x000000001c11d000 nmethod 1279 0x00000000031fcf10 code [0x00000000031fd040, 0x00000000031fd0b8]
Event: 30.453 Thread 0x000000001c11d000 1285       4       java.util.TreeMap$ValueIterator::next (8 bytes)
Event: 30.456 Thread 0x000000001c11d000 nmethod 1285 0x00000000031f4050 code [0x00000000031f41a0, 0x00000000031f42f8]
Event: 30.456 Thread 0x000000001c11d000 1286       4       java.util.TreeMap$PrivateEntryIterator::nextEntry (54 bytes)
Event: 30.458 Thread 0x000000001c11d000 nmethod 1286 0x00000000031f3b90 code [0x00000000031f3ce0, 0x00000000031f3e38]
Event: 30.463 Thread 0x000000001c117800 nmethod 1277 0x00000000032015d0 code [0x00000000032017a0, 0x0000000003202388]
Event: 30.468 Thread 0x000000001c120800 1288 % !   3       com.sfe.uploads.CustomerDemo::readFromExcel @ 171 (222 bytes)

GC Heap History (10 events):
Event: 25.304 GC heap after
Heap after GC invocations=25 (full 5):
 PSYoungGen      total 662528K, used 325019K [0x000000076b980000, 0x00000007b1a80000, 0x00000007c0000000)
  eden space 211456K, 0% used [0x000000076b980000,0x000000076b980000,0x0000000778800000)
  from space 451072K, 72% used [0x0000000794a00000,0x00000007a8766f98,0x00000007b0280000)
  to   space 460800K, 0% used [0x0000000778800000,0x0000000778800000,0x0000000794a00000)
 ParOldGen       total 2271232K, used 1598531K [0x00000006c2c00000, 0x000000074d600000, 0x000000076b980000)
  object space 2271232K, 70% used [0x00000006c2c00000,0x0000000724510c68,0x000000074d600000)
 Metaspace       used 9712K, capacity 9820K, committed 9856K, reserved 1058816K
  class space    used 1104K, capacity 1140K, committed 1152K, reserved 1048576K
}
Event: 25.837 GC heap before
{Heap before GC invocations=26 (full 5):
 PSYoungGen      total 662528K, used 536475K [0x000000076b980000, 0x00000007b1a80000, 0x00000007c0000000)
  eden space 211456K, 100% used [0x000000076b980000,0x0000000778800000,0x0000000778800000)
  from space 451072K, 72% used [0x0000000794a00000,0x00000007a8766f98,0x00000007b0280000)
  to   space 460800K, 0% used [0x0000000778800000,0x0000000778800000,0x0000000794a00000)
 ParOldGen       total 2271232K, used 1598531K [0x00000006c2c00000, 0x000000074d600000, 0x000000076b980000)
  object space 2271232K, 70% used [0x00000006c2c00000,0x0000000724510c68,0x000000074d600000)
 Metaspace       used 9712K, capacity 9820K, committed 9856K, reserved 1058816K
  class space    used 1104K, capacity 1140K, committed 1152K, reserved 1048576K
Event: 26.456 GC heap after
Heap after GC invocations=26 (full 5):
 PSYoungGen      total 672256K, used 160896K [0x000000076b980000, 0x00000007b2580000, 0x00000007c0000000)
  eden space 211456K, 0% used [0x000000076b980000,0x000000076b980000,0x0000000778800000)
  from space 460800K, 34% used [0x0000000778800000,0x0000000782520000,0x0000000794a00000)
  to   space 455168K, 0% used [0x0000000796900000,0x0000000796900000,0x00000007b2580000)
 ParOldGen       total 2271232K, used 1844110K [0x00000006c2c00000, 0x000000074d600000, 0x000000076b980000)
  object space 2271232K, 81% used [0x00000006c2c00000,0x00000007334e38c0,0x000000074d600000)
 Metaspace       used 9712K, capacity 9820K, committed 9856K, reserved 1058816K
  class space    used 1104K, capacity 1140K, committed 1152K, reserved 1048576K
}
Event: 27.415 GC heap before
{Heap before GC invocations=27 (full 5):
 PSYoungGen      total 672256K, used 372352K [0x000000076b980000, 0x00000007b2580000, 0x00000007c0000000)
  eden space 211456K, 100% used [0x000000076b980000,0x0000000778800000,0x0000000778800000)
  from space 460800K, 34% used [0x0000000778800000,0x0000000782520000,0x0000000794a00000)
  to   space 455168K, 0% used [0x0000000796900000,0x0000000796900000,0x00000007b2580000)
 ParOldGen       total 2271232K, used 1844110K [0x00000006c2c00000, 0x000000074d600000, 0x000000076b980000)
  object space 2271232K, 81% used [0x00000006c2c00000,0x00000007334e38c0,0x000000074d600000)
 Metaspace       used 9714K, capacity 9820K, committed 9856K, reserved 1058816K
  class space    used 1104K, capacity 1140K, committed 1152K, reserved 1048576K
Event: 27.965 GC heap after
Heap after GC invocations=27 (full 5):
 PSYoungGen      total 681472K, used 244512K [0x000000076b980000, 0x00000007b0f00000, 0x00000007c0000000)
  eden space 249344K, 0% used [0x000000076b980000,0x000000076b980000,0x000000077ad00000)
  from space 432128K, 56% used [0x0000000796900000,0x00000007a57c8000,0x00000007b0f00000)
  to   space 443392K, 0% used [0x000000077ad00000,0x000000077ad00000,0x0000000795e00000)
 ParOldGen       total 2271232K, used 1844110K [0x00000006c2c00000, 0x000000074d600000, 0x000000076b980000)
  object space 2271232K, 81% used [0x00000006c2c00000,0x00000007334e38c0,0x000000074d600000)
 Metaspace       used 9714K, capacity 9820K, committed 9856K, reserved 1058816K
  class space    used 1104K, capacity 1140K, committed 1152K, reserved 1048576K
}
Event: 28.932 GC heap before
{Heap before GC invocations=28 (full 5):
 PSYoungGen      total 681472K, used 493856K [0x000000076b980000, 0x00000007b0f00000, 0x00000007c0000000)
  eden space 249344K, 100% used [0x000000076b980000,0x000000077ad00000,0x000000077ad00000)
  from space 432128K, 56% used [0x0000000796900000,0x00000007a57c8000,0x00000007b0f00000)
  to   space 443392K, 0% used [0x000000077ad00000,0x000000077ad00000,0x0000000795e00000)
 ParOldGen       total 2271232K, used 1844110K [0x00000006c2c00000, 0x000000074d600000, 0x000000076b980000)
  object space 2271232K, 81% used [0x00000006c2c00000,0x00000007334e38c0,0x000000074d600000)
 Metaspace       used 9714K, capacity 9820K, committed 9856K, reserved 1058816K
  class space    used 1104K, capacity 1140K, committed 1152K, reserved 1048576K
Event: 29.662 GC heap after
Heap after GC invocations=28 (full 5):
 PSYoungGen      total 692736K, used 343168K [0x000000076b980000, 0x00000007b5d80000, 0x00000007c0000000)
  eden space 249344K, 0% used [0x000000076b980000,0x000000076b980000,0x000000077ad00000)
  from space 443392K, 77% used [0x000000077ad00000,0x000000078fc20000,0x0000000795e00000)
  to   space 460800K, 0% used [0x0000000799b80000,0x0000000799b80000,0x00000007b5d80000)
 ParOldGen       total 2271232K, used 1844110K [0x00000006c2c00000, 0x000000074d600000, 0x000000076b980000)
  object space 2271232K, 81% used [0x00000006c2c00000,0x00000007334e38c0,0x000000074d600000)
 Metaspace       used 9714K, capacity 9820K, committed 9856K, reserved 1058816K
  class space    used 1104K, capacity 1140K, committed 1152K, reserved 1048576K
}
Event: 30.469 GC heap before
{Heap before GC invocations=29 (full 5):
 PSYoungGen      total 692736K, used 592512K [0x000000076b980000, 0x00000007b5d80000, 0x00000007c0000000)
  eden space 249344K, 100% used [0x000000076b980000,0x000000077ad00000,0x000000077ad00000)
  from space 443392K, 77% used [0x000000077ad00000,0x000000078fc20000,0x0000000795e00000)
  to   space 460800K, 0% used [0x0000000799b80000,0x0000000799b80000,0x00000007b5d80000)
 ParOldGen       total 2271232K, used 1844110K [0x00000006c2c00000, 0x000000074d600000, 0x000000076b980000)
  object space 2271232K, 81% used [0x00000006c2c00000,0x00000007334e38c0,0x000000074d600000)
 Metaspace       used 10131K, capacity 10274K, committed 10496K, reserved 1058816K
  class space    used 1152K, capacity 1205K, committed 1280K, reserved 1048576K
Event: 31.486 GC heap after
Heap after GC invocations=29 (full 5):
 PSYoungGen      total 755712K, used 280048K [0x000000076b980000, 0x00000007b6000000, 0x00000007c0000000)
  eden space 294912K, 0% used [0x000000076b980000,0x000000076b980000,0x000000077d980000)
  from space 460800K, 60% used [0x0000000799b80000,0x00000007aacfc258,0x00000007b5d80000)
  to   space 460800K, 0% used [0x000000077d980000,0x000000077d980000,0x0000000799b80000)
 ParOldGen       total 2271232K, used 2005374K [0x00000006c2c00000, 0x000000074d600000, 0x000000076b980000)
  object space 2271232K, 88% used [0x00000006c2c00000,0x000000073d25f8c0,0x000000074d600000)
 Metaspace       used 10131K, capacity 10274K, committed 10496K, reserved 1058816K
  class space    used 1152K, capacity 1205K, committed 1280K, reserved 1048576K
}
Event: 31.486 GC heap before
{Heap before GC invocations=30 (full 6):
 PSYoungGen      total 755712K, used 280048K [0x000000076b980000, 0x00000007b6000000, 0x00000007c0000000)
  eden space 294912K, 0% used [0x000000076b980000,0x000000076b980000,0x000000077d980000)
  from space 460800K, 60% used [0x0000000799b80000,0x00000007aacfc258,0x00000007b5d80000)
  to   space 460800K, 0% used [0x000000077d980000,0x000000077d980000,0x0000000799b80000)
 ParOldGen       total 2271232K, used 2005374K [0x00000006c2c00000, 0x000000074d600000, 0x000000076b980000)
  object space 2271232K, 88% used [0x00000006c2c00000,0x000000073d25f8c0,0x000000074d600000)
 Metaspace       used 10131K, capacity 10274K, committed 10496K, reserved 1058816K
  class space    used 1152K, capacity 1205K, committed 1280K, reserved 1048576K

Deoptimization events (10 events):
Event: 30.327 Thread 0x0000000002ae5800 Uncommon trap: reason=bimorphic action=maybe_recompile pc=0x00000000030fcde0 method=org.apache.xmlbeans.impl.values.XmlObjectBase.monitor()Ljava/lang/Object; @ 11
Event: 30.347 Thread 0x0000000002ae5800 Uncommon trap: reason=unstable_if action=reinterpret pc=0x0000000003102ebc method=javax.xml.namespace.QName.equals(Ljava/lang/Object;)Z @ 2
Event: 30.348 Thread 0x0000000002ae5800 Uncommon trap: reason=bimorphic action=maybe_recompile pc=0x0000000003185e24 method=org.apache.xmlbeans.impl.values.XmlObjectBase.get_wscanon_text()Ljava/lang/String; @ 27
Event: 30.348 Thread 0x0000000002ae5800 Uncommon trap: reason=bimorphic action=maybe_recompile pc=0x0000000003185e24 method=org.apache.xmlbeans.impl.values.XmlObjectBase.get_wscanon_text()Ljava/lang/String; @ 27
Event: 30.349 Thread 0x0000000002ae5800 Uncommon trap: reason=bimorphic action=maybe_recompile pc=0x0000000003165540 method=org.apache.xmlbeans.impl.values.XmlObjectBase.get_wscanon_text()Ljava/lang/String; @ 27
Event: 30.351 Thread 0x0000000002ae5800 Uncommon trap: reason=unstable_if action=reinterpret pc=0x0000000003095554 method=javax.xml.namespace.QName.equals(Ljava/lang/Object;)Z @ 2
Event: 30.423 Thread 0x0000000002ae5800 Uncommon trap: reason=unstable_if action=reinterpret pc=0x000000000311bdd8 method=org.apache.xmlbeans.impl.store.Xobj.bitIsSet(I)Z @ 6
Event: 30.423 Thread 0x0000000002ae5800 Uncommon trap: reason=unstable_if action=reinterpret pc=0x00000000031bb118 method=org.apache.xmlbeans.impl.store.Xobj.bitIsSet(I)Z @ 6
Event: 30.427 Thread 0x0000000002ae5800 Uncommon trap: reason=unstable_if action=reinterpret pc=0x000000000316ea94 method=org.apache.xmlbeans.impl.store.Xobj.hasChildren()Z @ 4
Event: 30.427 Thread 0x0000000002ae5800 Uncommon trap: reason=unstable_if action=reinterpret pc=0x0000000003126854 method=org.apache.xmlbeans.impl.store.Xobj.lastAttr()Lorg/apache/xmlbeans/impl/store/Xobj; @ 4

Internal exceptions (10 events):
Event: 2.955 Thread 0x0000000002ae5800 Exception <a 'java/security/PrivilegedActionException'> (0x000000076e42bae8) thrown at [C:\re\workspace\8-2-build-windows-amd64-cygwin\jdk8u45\3457\hotspot\src\share\vm\prims\jvm.cpp, line 1382]
Event: 2.955 Thread 0x0000000002ae5800 Exception <a 'java/security/PrivilegedActionException'> (0x000000076e42be30) thrown at [C:\re\workspace\8-2-build-windows-amd64-cygwin\jdk8u45\3457\hotspot\src\share\vm\prims\jvm.cpp, line 1382]
Event: 2.958 Thread 0x0000000002ae5800 Exception <a 'java/security/PrivilegedActionException'> (0x000000076e44f4c0) thrown at [C:\re\workspace\8-2-build-windows-amd64-cygwin\jdk8u45\3457\hotspot\src\share\vm\prims\jvm.cpp, line 1382]
Event: 2.958 Thread 0x0000000002ae5800 Exception <a 'java/security/PrivilegedActionException'> (0x000000076e44f808) thrown at [C:\re\workspace\8-2-build-windows-amd64-cygwin\jdk8u45\3457\hotspot\src\share\vm\prims\jvm.cpp, line 1382]
Event: 2.958 Thread 0x0000000002ae5800 Exception <a 'java/security/PrivilegedActionException'> (0x000000076e45f1c0) thrown at [C:\re\workspace\8-2-build-windows-amd64-cygwin\jdk8u45\3457\hotspot\src\share\vm\prims\jvm.cpp, line 1382]
Event: 2.958 Thread 0x0000000002ae5800 Exception <a 'java/security/PrivilegedActionException'> (0x000000076e45f508) thrown at [C:\re\workspace\8-2-build-windows-amd64-cygwin\jdk8u45\3457\hotspot\src\share\vm\prims\jvm.cpp, line 1382]
Event: 2.959 Thread 0x0000000002ae5800 Exception <a 'java/security/PrivilegedActionException'> (0x000000076e46ecb8) thrown at [C:\re\workspace\8-2-build-windows-amd64-cygwin\jdk8u45\3457\hotspot\src\share\vm\prims\jvm.cpp, line 1382]
Event: 2.959 Thread 0x0000000002ae5800 Exception <a 'java/security/PrivilegedActionException'> (0x000000076e46f000) thrown at [C:\re\workspace\8-2-build-windows-amd64-cygwin\jdk8u45\3457\hotspot\src\share\vm\prims\jvm.cpp, line 1382]
Event: 2.960 Thread 0x0000000002ae5800 Exception <a 'java/security/PrivilegedActionException'> (0x000000076e47f3a0) thrown at [C:\re\workspace\8-2-build-windows-amd64-cygwin\jdk8u45\3457\hotspot\src\share\vm\prims\jvm.cpp, line 1382]
Event: 2.960 Thread 0x0000000002ae5800 Exception <a 'java/security/PrivilegedActionException'> (0x000000076e47f6e8) thrown at [C:\re\workspace\8-2-build-windows-amd64-cygwin\jdk8u45\3457\hotspot\src\share\vm\prims\jvm.cpp, line 1382]

Events (10 events):
Event: 30.431 loading class org/openxmlformats/schemas/spreadsheetml/x2006/main/impl/CTDefinedNamesImpl done
Event: 30.431 loading class org/openxmlformats/schemas/spreadsheetml/x2006/main/CTDefinedNames
Event: 30.431 loading class org/openxmlformats/schemas/spreadsheetml/x2006/main/CTDefinedNames done
Event: 30.434 loading class org/openxmlformats/schemas/spreadsheetml/x2006/main/impl/CTDefinedNameImpl
Event: 30.434 loading class org/openxmlformats/schemas/spreadsheetml/x2006/main/impl/CTDefinedNameImpl done
Event: 30.435 loading class org/openxmlformats/schemas/spreadsheetml/x2006/main/CTDefinedName
Event: 30.435 loading class org/openxmlformats/schemas/spreadsheetml/x2006/main/CTDefinedName done
Event: 30.441 loading class org/apache/poi/xssf/usermodel/XSSFName
Event: 30.441 loading class org/apache/poi/xssf/usermodel/XSSFName done
Event: 30.469 Executing VM operation: ParallelGCFailedAllocation


Dynamic libraries:
0x00007ff7ee9e0000 - 0x00007ff7eea17000 	C:\Program Files\Java\jdk1.8.0_45\bin\java.exe
0x00007ff9df4c0000 - 0x00007ff9df66d000 	C:\WINDOWS\SYSTEM32\ntdll.dll
0x00007ff9dd460000 - 0x00007ff9dd59e000 	C:\WINDOWS\system32\KERNEL32.DLL
0x00007ff9bf830000 - 0x00007ff9bf863000 	C:\Program Files (x86)\AVG\Antivirus\x64\aswhooka.dll
0x00007ff9dc6c0000 - 0x00007ff9dc7d5000 	C:\WINDOWS\system32\KERNELBASE.dll
0x00007ff9db160000 - 0x00007ff9db1ee000 	C:\WINDOWS\system32\apphelp.dll
0x00007ff9d55c0000 - 0x00007ff9d5613000 	C:\WINDOWS\AppPatch\AppPatch64\AcGenral.DLL
0x00007ff9df3b0000 - 0x00007ff9df45a000 	C:\WINDOWS\system32\msvcrt.dll
0x00007ff9dcb20000 - 0x00007ff9dcb4e000 	C:\WINDOWS\system32\SspiCli.dll
0x00007ff9df170000 - 0x00007ff9df1c4000 	C:\WINDOWS\system32\SHLWAPI.dll
0x00007ff9df1d0000 - 0x00007ff9df347000 	C:\WINDOWS\system32\USER32.dll
0x00007ff9dd5a0000 - 0x00007ff9dd734000 	C:\WINDOWS\system32\ole32.dll
0x00007ff9ddc30000 - 0x00007ff9df159000 	C:\WINDOWS\system32\SHELL32.dll
0x00007ff9dbc30000 - 0x00007ff9dbc51000 	C:\WINDOWS\SYSTEM32\USERENV.dll
0x00007ff9dcd80000 - 0x00007ff9dce2a000 	C:\WINDOWS\system32\ADVAPI32.dll
0x00007ff9d1050000 - 0x00007ff9d106e000 	C:\WINDOWS\SYSTEM32\MPR.dll
0x00007ff9dd320000 - 0x00007ff9dd460000 	C:\WINDOWS\system32\RPCRT4.dll
0x00007ff9df460000 - 0x00007ff9df4b9000 	C:\WINDOWS\SYSTEM32\sechost.dll
0x00007ff9dcb60000 - 0x00007ff9dcd72000 	C:\WINDOWS\SYSTEM32\combase.dll
0x00007ff9ddae0000 - 0x00007ff9ddc2b000 	C:\WINDOWS\system32\GDI32.dll
0x00007ff9dc5f0000 - 0x00007ff9dc605000 	C:\WINDOWS\SYSTEM32\profapi.dll
0x00007ff9dab30000 - 0x00007ff9dabe2000 	C:\WINDOWS\SYSTEM32\SHCORE.dll
0x00007ff9dd0a0000 - 0x00007ff9dd0d6000 	C:\WINDOWS\system32\IMM32.DLL
0x00007ff9dd7a0000 - 0x00007ff9dd8f2000 	C:\WINDOWS\system32\MSCTF.dll
0x00007ff9da060000 - 0x00007ff9da2db000 	C:\WINDOWS\WinSxS\amd64_microsoft.windows.common-controls_6595b64144ccf1df_6.0.9600.18006_none_623f33d3ecbe86e8\COMCTL32.dll
0x0000000072460000 - 0x0000000072532000 	C:\Program Files\Java\jdk1.8.0_45\jre\bin\msvcr100.dll
0x0000000072540000 - 0x0000000072dc3000 	C:\Program Files\Java\jdk1.8.0_45\jre\bin\server\jvm.dll
0x00007ff9d1830000 - 0x00007ff9d1839000 	C:\WINDOWS\SYSTEM32\WSOCK32.dll
0x00007ff9d56d0000 - 0x00007ff9d56f2000 	C:\WINDOWS\SYSTEM32\WINMM.dll
0x00007ff9db670000 - 0x00007ff9db67a000 	C:\WINDOWS\SYSTEM32\VERSION.dll
0x00007ff9dce30000 - 0x00007ff9dce37000 	C:\WINDOWS\system32\PSAPI.DLL
0x00007ff9df350000 - 0x00007ff9df3aa000 	C:\WINDOWS\system32\WS2_32.dll
0x00007ff9d56a0000 - 0x00007ff9d56ca000 	C:\WINDOWS\SYSTEM32\WINMMBASE.dll
0x00007ff9df160000 - 0x00007ff9df169000 	C:\WINDOWS\system32\NSI.dll
0x00007ff9dcad0000 - 0x00007ff9dcb1f000 	C:\WINDOWS\SYSTEM32\cfgmgr32.dll
0x00007ff9db3b0000 - 0x00007ff9db3d8000 	C:\WINDOWS\SYSTEM32\DEVOBJ.dll
0x0000000072410000 - 0x000000007241f000 	C:\Program Files\Java\jdk1.8.0_45\jre\bin\verify.dll
0x00000000723e0000 - 0x0000000072409000 	C:\Program Files\Java\jdk1.8.0_45\jre\bin\java.dll
0x00000000723c0000 - 0x00000000723d6000 	C:\Program Files\Java\jdk1.8.0_45\jre\bin\zip.dll
0x00007ff9d3070000 - 0x00007ff9d31f9000 	C:\WINDOWS\SYSTEM32\dbghelp.dll

VM Arguments:
jvm_args: -Dfile.encoding=UTF-8 -Xbootclasspath/p:C:\Program Files\NetBeans 8.2\enterprise\modules\ext\javaee6-endorsed\javax.annotation.jar;C:\Program Files\NetBeans 8.2\enterprise\modules\ext\javaee6-endorsed\jaxb-api-osgi.jar;C:\Program Files\NetBeans 8.2\enterprise\modules\ext\javaee6-endorsed\webservices-api-osgi.jar 
java_command: com.sfe.uploads.CustomerDemo
java_class_path (initial): C:\Users\Levi\Documents\I&M Banks\Refactored\sfe\build\web\WEB-INF\classes;C:\Users\Levi\Documents\I&M Banks\Refactored\sfe\lib\RXTXcomm.jar;C:\Users\Levi\Documents\I&M Banks\Refactored\sfe\lib\antlr-2.7.7 (2).jar;C:\Users\Levi\Documents\I&M Banks\Refactored\sfe\lib\antlr-2.7.7.jar;C:\Users\Levi\Documents\I&M Banks\Refactored\sfe\lib\apache-logging-log4j.jar;C:\Users\Levi\Documents\I&M Banks\Refactored\sfe\lib\asm-all-repackaged-2.1.88.jar;C:\Users\Levi\Documents\I&M Banks\Refactored\sfe\lib\c3p0-0.9.2.1.jar;C:\Users\Levi\Documents\I&M Banks\Refactored\sfe\lib\cglib-2.1.88.jar;C:\Users\Levi\Documents\I&M Banks\Refactored\sfe\lib\com.lowagie.text-2.1.7.jar;C:\Users\Levi\Documents\I&M Banks\Refactored\sfe\lib\com.mysql.jdbc_5.1.5.jar;C:\Users\Levi\Documents\I&M Banks\Refactored\sfe\lib\commons-beanutils-1.9.1 (2).jar;C:\Users\Levi\Documents\I&M Banks\Refactored\sfe\lib\commons-beanutils-1.9.1.jar;C:\Users\Levi\Documents\I&M Banks\Refactored\sfe\lib\commons-beanutils.jar;C:\Users\Levi\Documents\I&M Banks\Refactored\sfe\lib\commons-cli-1.2.jar;C:\Users\Levi\Documents\I&M Banks\Refactored\sfe\lib\commons-cli.jar;C:\Users\Levi\Documents\I&M Banks\Refactored\sfe\lib\commons-codec.jar;C:\Users\Levi\Documents\I&M Banks\Refactored\sfe\lib\commons-collections-3.2.2.jar;C:\Users\Levi\Documents\I&M Banks\Refactored\sfe\lib\commons-digester.jar;C:\Users\Levi\Documents\I&M Banks\Refactored\sfe\lib\commons-httpclient-3.1.jar;C:\Users\Levi\Documents\I&M Banks\Refactored\sfe\lib\commons-io-2.4.jar;C:\Users\Levi\Documents\I&M Banks\Refactored\sfe\lib\commons-javaflow-1209105-sources.jar;C:\Users\Levi\Documents\I&M Banks\Refactored\sfe\lib\commons-lang.jar;C:\Users\Levi\Documents\I&M Banks\Refactored\sfe\lib\commons-logging-1.1.jar;C:\Users\Levi\Documents\I&M Banks\Refactored\sfe\lib\commons-net-2.0.jar;C:\Users\Levi\Documents\I&M Banks\Refactored\sfe\lib\dom4j-1.6.1.jar;C:\Users\Levi\Documents\I&M Banks\Refactored\sfe\lib\ehcache-core-2.4.3.jar;C:\Users\Le
Launcher Type: SUN_STANDARD

Environment Variables:
JAVA_HOME=C:\Program Files\Java\jdk1.8.0_45
CLASSPATH=.;C:\Program Files\Java\jdk1.8.0_45;C:\Program Files\Java\jdk1.8.0_45\jre;C:\Program Files\Java\jdk1.8.0_45\lib;C:\Program Files\Java\jdk1.8.0_45\jre\lib;C:\Program Files\Java\jdk1.8.0_45
PATH=C:\oraclexe\app\oracle\product\11.2.0\server\bin;C:\ProgramData\Oracle\Java\javapath;C:\Program Files (x86)\Intel\iCLS Client\;C:\Program Files\Intel\iCLS Client\;C:\WINDOWS\system32;C:\WINDOWS;C:\WINDOWS\System32\Wbem;C:\WINDOWS\System32\WindowsPowerShell\v1.0\;C:\Program Files\Intel\Intel(R) Management Engine Components\DAL;C:\Program Files\Intel\Intel(R) Management Engine Components\IPT;C:\Program Files (x86)\Intel\Intel(R) Management Engine Components\DAL;C:\Program Files (x86)\Intel\Intel(R) Management Engine Components\IPT;C:\Program Files (x86)\Intel\OpenCL SDK\2.0\bin\x86;C:\Program Files (x86)\Intel\OpenCL SDK\2.0\bin\x64;C:\ProgramData\Lenovo\ReadyApps;C:\Program Files\Intel\WiFi\bin\;C:\Program Files\Common Files\Intel\WirelessCommon\;C:\apache-tomcat-9.0.0.M18\bin;C:\Program Files\Microsoft SQL Server\110\DTS\Binn\;C:\Program Files (x86)\Microsoft SQL Server\110\Tools\Binn\;C:\Program Files\Microsoft SQL Server\110\Tools\Binn\;C:\apache-maven-3.5.0\bin;C:\Program Files (x86)\Microsof;C:\Program Files\nodejs\;C:\Program Files (x86)\Skype\Phone\;C:\Program Files\Microsoft SQL Server Migration Assistant for Access\bin\;C:\Program Files\Git\cmd;C:\Users\Levi\AppData\Roaming\npm
USERNAME=Levi
OS=Windows_NT
PROCESSOR_IDENTIFIER=Intel64 Family 6 Model 58 Stepping 9, GenuineIntel



---------------  S Y S T E M  ---------------

OS: Windows 8.1 , 64 bit Build 9600 (6.3.9600.17415)

CPU:total 4 (2 cores per cpu, 2 threads per core) family 6 model 58 stepping 9, cmov, cx8, fxsr, mmx, sse, sse2, sse3, ssse3, sse4.1, sse4.2, popcnt, avx, aes, clmul, erms, ht, tsc, tscinvbit, tscinv

Memory: 4k page, physical 16592480k(3602624k free), swap 19399008k(3593944k free)

vm_info: Java HotSpot(TM) 64-Bit Server VM (25.45-b02) for windows-amd64 JRE (1.8.0_45-b14), built on Apr 10 2015 10:34:15 by "java_re" with MS VC++ 10.0 (VS2010)

time: Fri Sep 29 12:37:47 2017
elapsed time: 32 seconds (0d 0h 0m 32s)

