#
# A fatal error has been detected by the Java Runtime Environment:
#
#  EXCEPTION_ACCESS_VIOLATION (0xc0000005) at pc=0x0000000072652b4b, pid=26900, tid=20076
#
# JRE version: Java(TM) SE Runtime Environment (8.0_45-b14) (build 1.8.0_45-b14)
# Java VM: Java HotSpot(TM) 64-Bit Server VM (25.45-b02 mixed mode windows-amd64 compressed oops)
# Problematic frame:
# V  [jvm.dll+0x112b4b]
#
# Failed to write core dump. Minidumps are not enabled by default on client versions of Windows
#
# If you would like to submit a bug report, please visit:
#   http://bugreport.java.com/bugreport/crash.jsp
#

---------------  T H R E A D  ---------------

Current thread (0x00000000023c1000):  GCTaskThread [stack: 0x00000000128a0000,0x00000000129a0000] [id=20076]

siginfo: ExceptionCode=0xc0000005, reading address 0x0000000000000008

Registers:
RAX=0x00000000129a0000, RBX=0x00000006fa56fe80, RCX=0x0000000000000003, RDX=0x0000000000000001
RSP=0x000000001299f410, RBP=0x00000006fa56de54, RSI=0x000000001b955240, RDI=0x000000001b955240
R8 =0x0000000000000000, R9 =0x00000007c00d28f0, R10=0x000000000000000c, R11=0x0000000072b349c8
R12=0x00000006fa56de78, R13=0x00000007c00d31b0, R14=0x00000007c00d31b8, R15=0x00000006fa56de20
RIP=0x0000000072652b4b, EFLAGS=0x0000000000010246

Top of Stack: (sp=0x000000001299f410)
0x000000001299f410:   00000007c00d28f0 00000006fa56deb8
0x000000001299f420:   000000000000000c 0000000072759a62
0x000000001299f430:   0000000000000000 00000000023c14f0
0x000000001299f440:   00000000023b3000 0002181400005728
0x000000001299f450:   000000000000572b 000000007292f680
0x000000001299f460:   000000001c2ed998 0000000000000000
0x000000001299f470:   000000001b955240 0000000072b84a88
0x000000001299f480:   0002181300005728 0002181400005728
0x000000001299f490:   0000000072d44040 000000000000000c
0x000000001299f4a0:   0000000000000000 0001907c000088cf
0x000000001299f4b0:   000000077af290d0 0000000072652be6
0x000000001299f4c0:   00000007a9211498 00000000023b3000
0x000000001299f4d0:   00000000023c1500 00000000023c14f0
0x000000001299f4e0:   0000000072b84a88 0000000000000003
0x000000001299f4f0:   000000001eab07c0 0000000000000000
0x000000001299f500:   000000001b955240 000000007292d0af 

Instructions: (pc=0x0000000072652b4b)
0x0000000072652b2b:   6e 00 84 d2 74 16 44 8b 43 08 8b 0d 6d dc 67 00
0x0000000072652b3b:   49 d3 e0 4c 03 05 5b dc 67 00 eb 04 4c 8b 43 08
0x0000000072652b4b:   45 8b 48 08 45 85 c9 7e 0c 41 f6 c1 01 75 4b 41
0x0000000072652b5b:   c1 f9 03 eb 57 79 43 84 d2 41 8b c9 b8 10 00 00 


Register to memory mapping:

RAX=0x00000000129a0000 is an unknown value
RBX=0x00000006fa56fe80 is pointing into object: 0x00000006fa56fe60
org.apache.xmlbeans.impl.store.Xobj$AttrXobj 
 - klass: 'org/apache/xmlbeans/impl/store/Xobj$AttrXobj'
RCX=0x0000000000000003 is an unknown value
RDX=0x0000000000000001 is an unknown value
RSP=0x000000001299f410 is an unknown value
RBP=0x00000006fa56de54 is pointing into object: 0x00000006fa56de20
org.apache.xmlbeans.impl.store.Xobj$AttrXobj 
 - klass: 'org/apache/xmlbeans/impl/store/Xobj$AttrXobj'
RSI=0x000000001b955240 is an unknown value
RDI=0x000000001b955240 is an unknown value
R8 =0x0000000000000000 is an unknown value
R9 =0x00000007c00d28f0 is pointing into metadata
R10=0x000000000000000c is an unknown value
R11=0x0000000072b349c8 is an unknown value
R12=0x00000006fa56de78 is pointing into object: 0x00000006fa56de20
org.apache.xmlbeans.impl.store.Xobj$AttrXobj 
 - klass: 'org/apache/xmlbeans/impl/store/Xobj$AttrXobj'
R13=0x00000007c00d31b0 is pointing into metadata
R14=0x00000007c00d31b8 is pointing into metadata
R15=0x00000006fa56de20 is an oop
org.apache.xmlbeans.impl.store.Xobj$AttrXobj 
 - klass: 'org/apache/xmlbeans/impl/store/Xobj$AttrXobj'


Stack: [0x00000000128a0000,0x00000000129a0000],  sp=0x000000001299f410,  free space=1021k
Native frames: (J=compiled Java code, j=interpreted, Vv=VM code, C=native code)
V  [jvm.dll+0x112b4b]
V  [jvm.dll+0x3ef680]
V  [jvm.dll+0x3ed0af]
V  [jvm.dll+0x3ea33e]
V  [jvm.dll+0x29853a]
C  [msvcr100.dll+0x21d9f]
C  [msvcr100.dll+0x21e3b]
C  [KERNEL32.DLL+0x13d2]
C  [ntdll.dll+0x154f4]


---------------  P R O C E S S  ---------------

Java Threads: ( => current thread )
  0x000000001ba2d800 JavaThread "Service Thread" daemon [_thread_blocked, id=14460, stack(0x000000001d640000,0x000000001d740000)]
  0x000000001b9e7000 JavaThread "C1 CompilerThread2" daemon [_thread_blocked, id=21932, stack(0x000000001d140000,0x000000001d240000)]
  0x000000001b9d8800 JavaThread "C2 CompilerThread1" daemon [_thread_blocked, id=19596, stack(0x000000001d040000,0x000000001d140000)]
  0x000000001b9d6800 JavaThread "C2 CompilerThread0" daemon [_thread_blocked, id=28868, stack(0x000000001cf40000,0x000000001d040000)]
  0x000000001b9d4800 JavaThread "Attach Listener" daemon [_thread_blocked, id=19060, stack(0x000000001ce40000,0x000000001cf40000)]
  0x000000001b9d1000 JavaThread "Signal Dispatcher" daemon [_thread_blocked, id=14924, stack(0x000000001cd40000,0x000000001ce40000)]
  0x0000000002499000 JavaThread "Finalizer" daemon [_thread_blocked, id=27624, stack(0x000000001cc40000,0x000000001cd40000)]
  0x0000000002495800 JavaThread "Reference Handler" daemon [_thread_blocked, id=17936, stack(0x000000001cb40000,0x000000001cc40000)]
  0x00000000023a5800 JavaThread "main" [_thread_blocked, id=27912, stack(0x00000000021e0000,0x00000000022e0000)]

Other Threads:
  0x000000001b999800 VMThread [stack: 0x000000001ca40000,0x000000001cb40000] [id=29148]
  0x000000001ba2e800 WatcherThread [stack: 0x000000001d740000,0x000000001d840000] [id=30488]

=>0x00000000023c1000 (exited) GCTaskThread [stack: 0x00000000128a0000,0x00000000129a0000] [id=20076]

VM state:at safepoint (normal execution)

VM Mutex/Monitor currently owned by a thread:  ([mutex/lock_event])
[0x00000000023a2c50] Threads_lock - owner thread: 0x000000001b999800
[0x00000000023a3250] Heap_lock - owner thread: 0x00000000023a5800

Heap:
 PSYoungGen      total 833536K, used 674816K [0x000000076b980000, 0x00000007b2100000, 0x00000007c0000000)
  eden space 674816K, 100% used [0x000000076b980000,0x0000000794c80000,0x0000000794c80000)
  from space 158720K, 0% used [0x0000000794c80000,0x0000000794c80000,0x000000079e780000)
  to   space 180736K, 91% used [0x00000007a7080000,0x00000007b1250f80,0x00000007b2100000)
 ParOldGen       total 1561600K, used 1243819K [0x00000006c2c00000, 0x0000000722100000, 0x000000076b980000)
  object space 1561600K, 79% used [0x00000006c2c00000,0x000000070eaaac90,0x0000000722100000)
 Metaspace       used 10098K, capacity 10208K, committed 10368K, reserved 1058816K
  class space    used 1126K, capacity 1140K, committed 1152K, reserved 1048576K

Card table byte_map: [0x0000000011860000,0x0000000012050000] byte_map_base: 0x000000000e24a000

Marking Bits: (ParMarkBitMap*) 0x0000000072d44040
 Begin Bits: [0x00000000129a0000, 0x00000000168f0000)
 End Bits:   [0x00000000168f0000, 0x000000001a840000)

Polling page: 0x00000000007c0000

CodeCache: size=245760Kb used=7164Kb max_used=7179Kb free=238595Kb
 bounds [0x00000000024a0000, 0x0000000002bb0000, 0x00000000114a0000]
 total_blobs=1845 nmethods=1512 adapters=246
 compilation: enabled

Compilation events (10 events):
Event: 27.558 Thread 0x000000001b9d8800 nmethod 1532 0x0000000002b9ec50 code [0x0000000002b9ee00, 0x0000000002b9f738]
Event: 27.561 Thread 0x000000001b9d6800 nmethod 1533 0x0000000002ba5890 code [0x0000000002ba5a40, 0x0000000002ba6398]
Event: 27.584 Thread 0x000000001b9d8800 1534       4       org.apache.xmlbeans.impl.store.Locale::getScrubBuffer (51 bytes)
Event: 27.589 Thread 0x000000001b9d8800 nmethod 1534 0x0000000002ba6b90 code [0x0000000002ba6d20, 0x0000000002ba7298]
Event: 27.592 Thread 0x000000001b9d6800 1535   !   4       org.apache.xmlbeans.impl.values.JavaLongHolderEx::set_text (53 bytes)
Event: 27.600 Thread 0x000000001b9d6800 nmethod 1535 0x0000000002ba7850 code [0x0000000002ba79a0, 0x0000000002ba7f78]
Event: 27.612 Thread 0x000000001b9d8800 1536       4       org.apache.xmlbeans.impl.store.Locale$ScrubBuffer::getResultAsString (8 bytes)
Event: 27.616 Thread 0x000000001b9d8800 nmethod 1536 0x0000000002b7c890 code [0x0000000002b7c9e0, 0x0000000002b7cfb8]
Event: 27.973 Thread 0x000000001b9d6800 1537       4       org.apache.xmlbeans.impl.store.Locale$ScrubBuffer::scrub (258 bytes)
Event: 27.986 Thread 0x000000001b9d6800 nmethod 1537 0x0000000002b9c050 code [0x0000000002b9c1e0, 0x0000000002b9cea8]

GC Heap History (10 events):
Event: 11.098 GC heap after
Heap after GC invocations=21 (full 2):
 PSYoungGen      total 833536K, used 148464K [0x000000076b980000, 0x00000007b2100000, 0x00000007c0000000)
  eden space 674816K, 0% used [0x000000076b980000,0x000000076b980000,0x0000000794c80000)
  from space 158720K, 93% used [0x0000000794c80000,0x000000079dd7c0e0,0x000000079e780000)
  to   space 180736K, 0% used [0x00000007a7080000,0x00000007a7080000,0x00000007b2100000)
 ParOldGen       total 510464K, used 261052K [0x00000006c2c00000, 0x00000006e1e80000, 0x000000076b980000)
  object space 510464K, 51% used [0x00000006c2c00000,0x00000006d2aef000,0x00000006e1e80000)
 Metaspace       used 9685K, capacity 9774K, committed 9856K, reserved 1058816K
  class space    used 1082K, capacity 1105K, committed 1152K, reserved 1048576K
}
Event: 14.275 GC heap before
{Heap before GC invocations=22 (full 2):
 PSYoungGen      total 833536K, used 823280K [0x000000076b980000, 0x00000007b2100000, 0x00000007c0000000)
  eden space 674816K, 100% used [0x000000076b980000,0x0000000794c80000,0x0000000794c80000)
  from space 158720K, 93% used [0x0000000794c80000,0x000000079dd7c0e0,0x000000079e780000)
  to   space 180736K, 0% used [0x00000007a7080000,0x00000007a7080000,0x00000007b2100000)
 ParOldGen       total 510464K, used 261052K [0x00000006c2c00000, 0x00000006e1e80000, 0x000000076b980000)
  object space 510464K, 51% used [0x00000006c2c00000,0x00000006d2aef000,0x00000006e1e80000)
 Metaspace       used 9729K, capacity 9774K, committed 9856K, reserved 1058816K
  class space    used 1082K, capacity 1105K, committed 1152K, reserved 1048576K
Event: 16.231 GC heap after
Heap after GC invocations=22 (full 2):
 PSYoungGen      total 833536K, used 823280K [0x000000076b980000, 0x00000007b2100000, 0x00000007c0000000)
  eden space 674816K, 100% used [0x000000076b980000,0x0000000794c80000,0x0000000794c80000)
  from space 158720K, 93% used [0x0000000794c80000,0x000000079dd7c0e0,0x000000079e780000)
  to   space 180736K, 99% used [0x00000007a7080000,0x00000007b20f85f0,0x00000007b2100000)
 ParOldGen       total 787968K, used 787137K [0x00000006c2c00000, 0x00000006f2d80000, 0x000000076b980000)
  object space 787968K, 99% used [0x00000006c2c00000,0x00000006f2cb05b0,0x00000006f2d80000)
 Metaspace       used 9729K, capacity 9774K, committed 9856K, reserved 1058816K
  class space    used 1082K, capacity 1105K, committed 1152K, reserved 1048576K
}
Event: 16.231 GC heap before
{Heap before GC invocations=23 (full 3):
 PSYoungGen      total 833536K, used 823280K [0x000000076b980000, 0x00000007b2100000, 0x00000007c0000000)
  eden space 674816K, 100% used [0x000000076b980000,0x0000000794c80000,0x0000000794c80000)
  from space 158720K, 93% used [0x0000000794c80000,0x000000079dd7c0e0,0x000000079e780000)
  to   space 180736K, 99% used [0x00000007a7080000,0x00000007b20f85f0,0x00000007b2100000)
 ParOldGen       total 787968K, used 787137K [0x00000006c2c00000, 0x00000006f2d80000, 0x000000076b980000)
  object space 787968K, 99% used [0x00000006c2c00000,0x00000006f2cb05b0,0x00000006f2d80000)
 Metaspace       used 9729K, capacity 9774K, committed 9856K, reserved 1058816K
  class space    used 1082K, capacity 1105K, committed 1152K, reserved 1048576K
Event: 20.674 GC heap after
Heap after GC invocations=23 (full 3):
 PSYoungGen      total 833536K, used 212940K [0x000000076b980000, 0x00000007b2100000, 0x00000007c0000000)
  eden space 674816K, 31% used [0x000000076b980000,0x00000007789730a0,0x0000000794c80000)
  from space 158720K, 0% used [0x0000000794c80000,0x0000000794c80000,0x000000079e780000)
  to   space 180736K, 0% used [0x00000007a7080000,0x00000007a7080000,0x00000007b2100000)
 ParOldGen       total 1033728K, used 787850K [0x00000006c2c00000, 0x0000000701d80000, 0x000000076b980000)
  object space 1033728K, 76% used [0x00000006c2c00000,0x00000006f2d62938,0x0000000701d80000)
 Metaspace       used 9729K, capacity 9774K, committed 9856K, reserved 1058816K
  class space    used 1082K, capacity 1105K, committed 1152K, reserved 1048576K
}
Event: 21.725 GC heap before
{Heap before GC invocations=24 (full 3):
 PSYoungGen      total 833536K, used 674816K [0x000000076b980000, 0x00000007b2100000, 0x00000007c0000000)
  eden space 674816K, 100% used [0x000000076b980000,0x0000000794c80000,0x0000000794c80000)
  from space 158720K, 0% used [0x0000000794c80000,0x0000000794c80000,0x000000079e780000)
  to   space 180736K, 0% used [0x00000007a7080000,0x00000007a7080000,0x00000007b2100000)
 ParOldGen       total 1033728K, used 787850K [0x00000006c2c00000, 0x0000000701d80000, 0x000000076b980000)
  object space 1033728K, 76% used [0x00000006c2c00000,0x00000006f2d62938,0x0000000701d80000)
 Metaspace       used 9729K, capacity 9774K, committed 9856K, reserved 1058816K
  class space    used 1082K, capacity 1105K, committed 1152K, reserved 1048576K
Event: 22.461 GC heap after
Heap after GC invocations=24 (full 3):
 PSYoungGen      total 833536K, used 674816K [0x000000076b980000, 0x00000007b2100000, 0x00000007c0000000)
  eden space 674816K, 100% used [0x000000076b980000,0x0000000794c80000,0x0000000794c80000)
  from space 158720K, 0% used [0x0000000794c80000,0x0000000794c80000,0x000000079e780000)
  to   space 180736K, 99% used [0x00000007a7080000,0x00000007b20fffc8,0x00000007b2100000)
 ParOldGen       total 1244160K, used 1243482K [0x00000006c2c00000, 0x000000070eb00000, 0x000000076b980000)
  object space 1244160K, 99% used [0x00000006c2c00000,0x000000070ea56a38,0x000000070eb00000)
 Metaspace       used 9729K, capacity 9774K, committed 9856K, reserved 1058816K
  class space    used 1082K, capacity 1105K, committed 1152K, reserved 1048576K
}
Event: 22.461 GC heap before
{Heap before GC invocations=25 (full 4):
 PSYoungGen      total 833536K, used 674816K [0x000000076b980000, 0x00000007b2100000, 0x00000007c0000000)
  eden space 674816K, 100% used [0x000000076b980000,0x0000000794c80000,0x0000000794c80000)
  from space 158720K, 0% used [0x0000000794c80000,0x0000000794c80000,0x000000079e780000)
  to   space 180736K, 99% used [0x00000007a7080000,0x00000007b20fffc8,0x00000007b2100000)
 ParOldGen       total 1244160K, used 1243482K [0x00000006c2c00000, 0x000000070eb00000, 0x000000076b980000)
  object space 1244160K, 99% used [0x00000006c2c00000,0x000000070ea56a38,0x000000070eb00000)
 Metaspace       used 9729K, capacity 9774K, committed 9856K, reserved 1058816K
  class space    used 1082K, capacity 1105K, committed 1152K, reserved 1048576K
Event: 26.192 GC heap after
Heap after GC invocations=25 (full 4):
 PSYoungGen      total 833536K, used 0K [0x000000076b980000, 0x00000007b2100000, 0x00000007c0000000)
  eden space 674816K, 0% used [0x000000076b980000,0x000000076b980000,0x0000000794c80000)
  from space 158720K, 0% used [0x0000000794c80000,0x0000000794c80000,0x000000079e780000)
  to   space 180736K, 91% used [0x00000007a7080000,0x00000007b1250f80,0x00000007b2100000)
 ParOldGen       total 1561600K, used 1243819K [0x00000006c2c00000, 0x0000000722100000, 0x000000076b980000)
  object space 1561600K, 79% used [0x00000006c2c00000,0x000000070eaaac90,0x0000000722100000)
 Metaspace       used 9729K, capacity 9774K, committed 9856K, reserved 1058816K
  class space    used 1082K, capacity 1105K, committed 1152K, reserved 1048576K
}
Event: 28.323 GC heap before
{Heap before GC invocations=26 (full 5):
 PSYoungGen      total 833536K, used 674816K [0x000000076b980000, 0x00000007b2100000, 0x00000007c0000000)
  eden space 674816K, 100% used [0x000000076b980000,0x0000000794c80000,0x0000000794c80000)
  from space 158720K, 0% used [0x0000000794c80000,0x0000000794c80000,0x000000079e780000)
  to   space 180736K, 91% used [0x00000007a7080000,0x00000007b1250f80,0x00000007b2100000)
 ParOldGen       total 1561600K, used 1243819K [0x00000006c2c00000, 0x0000000722100000, 0x000000076b980000)
  object space 1561600K, 79% used [0x00000006c2c00000,0x000000070eaaac90,0x0000000722100000)
 Metaspace       used 10098K, capacity 10208K, committed 10368K, reserved 1058816K
  class space    used 1126K, capacity 1140K, committed 1152K, reserved 1048576K

Deoptimization events (10 events):
Event: 27.074 Thread 0x00000000023a5800 Uncommon trap: reason=unstable_if action=reinterpret pc=0x00000000029d2248 method=org.apache.xmlbeans.impl.store.Xobj.getValueAsString(I)Ljava/lang/String; @ 14
Event: 27.074 Thread 0x00000000023a5800 Uncommon trap: reason=unstable_if action=reinterpret pc=0x0000000002af25d4 method=org.apache.xmlbeans.impl.store.Xobj.find_all_element_users(Ljavax/xml/namespace/QName;Ljava/util/List;)V @ 13
Event: 27.601 Thread 0x00000000023a5800 Uncommon trap: reason=class_check action=maybe_recompile pc=0x0000000002b9e100 method=org.apache.xmlbeans.impl.store.Locale$ScrubBuffer.scrub(Ljava/lang/Object;II)V @ 25
Event: 27.601 Thread 0x00000000023a5800 Uncommon trap: reason=class_check action=maybe_recompile pc=0x0000000002826d00 method=org.apache.xmlbeans.impl.store.CharUtil.getChars([CILjava/lang/Object;II)V @ 84
Event: 27.836 Thread 0x00000000023a5800 Uncommon trap: reason=class_check action=maybe_recompile pc=0x0000000002b9e100 method=org.apache.xmlbeans.impl.store.Locale$ScrubBuffer.scrub(Ljava/lang/Object;II)V @ 25
Event: 27.836 Thread 0x00000000023a5800 Uncommon trap: reason=class_check action=maybe_recompile pc=0x0000000002826d00 method=org.apache.xmlbeans.impl.store.CharUtil.getChars([CILjava/lang/Object;II)V @ 84
Event: 27.942 Thread 0x00000000023a5800 Uncommon trap: reason=class_check action=maybe_recompile pc=0x0000000002b9e100 method=org.apache.xmlbeans.impl.store.Locale$ScrubBuffer.scrub(Ljava/lang/Object;II)V @ 25
Event: 27.942 Thread 0x00000000023a5800 Uncommon trap: reason=class_check action=maybe_recompile pc=0x0000000002826d00 method=org.apache.xmlbeans.impl.store.CharUtil.getChars([CILjava/lang/Object;II)V @ 84
Event: 27.971 Thread 0x00000000023a5800 Uncommon trap: reason=class_check action=maybe_recompile pc=0x0000000002b9e100 method=org.apache.xmlbeans.impl.store.Locale$ScrubBuffer.scrub(Ljava/lang/Object;II)V @ 25
Event: 27.971 Thread 0x00000000023a5800 Uncommon trap: reason=class_check action=maybe_recompile pc=0x0000000002826d00 method=org.apache.xmlbeans.impl.store.CharUtil.getChars([CILjava/lang/Object;II)V @ 84

Internal exceptions (10 events):
Event: 2.221 Thread 0x00000000023a5800 Exception <a 'java/security/PrivilegedActionException'> (0x0000000771b16ea0) thrown at [C:\re\workspace\8-2-build-windows-amd64-cygwin\jdk8u45\3457\hotspot\src\share\vm\prims\jvm.cpp, line 1382]
Event: 2.221 Thread 0x00000000023a5800 Exception <a 'java/security/PrivilegedActionException'> (0x0000000771b26650) thrown at [C:\re\workspace\8-2-build-windows-amd64-cygwin\jdk8u45\3457\hotspot\src\share\vm\prims\jvm.cpp, line 1382]
Event: 2.221 Thread 0x00000000023a5800 Exception <a 'java/security/PrivilegedActionException'> (0x0000000771b26998) thrown at [C:\re\workspace\8-2-build-windows-amd64-cygwin\jdk8u45\3457\hotspot\src\share\vm\prims\jvm.cpp, line 1382]
Event: 2.222 Thread 0x00000000023a5800 Exception <a 'java/security/PrivilegedActionException'> (0x0000000771b36d38) thrown at [C:\re\workspace\8-2-build-windows-amd64-cygwin\jdk8u45\3457\hotspot\src\share\vm\prims\jvm.cpp, line 1382]
Event: 2.222 Thread 0x00000000023a5800 Exception <a 'java/security/PrivilegedActionException'> (0x0000000771b37080) thrown at [C:\re\workspace\8-2-build-windows-amd64-cygwin\jdk8u45\3457\hotspot\src\share\vm\prims\jvm.cpp, line 1382]
Event: 4.359 Thread 0x00000000023a5800 Implicit null exception at 0x000000000288a224 to 0x000000000288afed
Event: 10.798 Thread 0x00000000023a5800 Implicit null exception at 0x000000000292c34f to 0x000000000292c501
Event: 10.798 Thread 0x00000000023a5800 Implicit null exception at 0x0000000002948ef7 to 0x0000000002949699
Event: 10.799 Thread 0x00000000023a5800 Implicit null exception at 0x000000000287bfdd to 0x000000000287c1a1
Event: 26.750 Thread 0x00000000023a5800 Implicit null exception at 0x00000000029172f0 to 0x00000000029173ed

Events (10 events):
Event: 27.942 Thread 0x00000000023a5800 Uncommon trap: trap_request=0xffffffde fr.pc=0x0000000002826d00
Event: 27.942 Thread 0x00000000023a5800 DEOPT PACKING pc=0x0000000002826d00 sp=0x00000000022dead0
Event: 27.942 Thread 0x00000000023a5800 DEOPT UNPACKING pc=0x00000000024e582a sp=0x00000000022deaa8 mode 2
Event: 27.971 Thread 0x00000000023a5800 Uncommon trap: trap_request=0xffffffde fr.pc=0x0000000002b9e100
Event: 27.971 Thread 0x00000000023a5800 DEOPT PACKING pc=0x0000000002b9e100 sp=0x00000000022deb50
Event: 27.971 Thread 0x00000000023a5800 DEOPT UNPACKING pc=0x00000000024e582a sp=0x00000000022deb28 mode 2
Event: 27.971 Thread 0x00000000023a5800 Uncommon trap: trap_request=0xffffffde fr.pc=0x0000000002826d00
Event: 27.971 Thread 0x00000000023a5800 DEOPT PACKING pc=0x0000000002826d00 sp=0x00000000022dead0
Event: 27.971 Thread 0x00000000023a5800 DEOPT UNPACKING pc=0x00000000024e582a sp=0x00000000022deaa8 mode 2
Event: 28.323 Executing VM operation: ParallelGCFailedAllocation


Dynamic libraries:
0x00007ff7ee9e0000 - 0x00007ff7eea17000 	C:\Program Files\Java\jdk1.8.0_45\bin\java.exe
0x00007ff9df4c0000 - 0x00007ff9df66d000 	C:\WINDOWS\SYSTEM32\ntdll.dll
0x00007ff9dd460000 - 0x00007ff9dd59e000 	C:\WINDOWS\system32\KERNEL32.DLL
0x00007ff9bf830000 - 0x00007ff9bf863000 	C:\Program Files (x86)\AVG\Antivirus\x64\aswhooka.dll
0x00007ff9dc6c0000 - 0x00007ff9dc7d5000 	C:\WINDOWS\system32\KERNELBASE.dll
0x00007ff9db160000 - 0x00007ff9db1ee000 	C:\WINDOWS\system32\apphelp.dll
0x00007ff9d65c0000 - 0x00007ff9d6613000 	C:\WINDOWS\AppPatch\AppPatch64\AcGenral.DLL
0x00007ff9df3b0000 - 0x00007ff9df45a000 	C:\WINDOWS\system32\msvcrt.dll
0x00007ff9dcb20000 - 0x00007ff9dcb4e000 	C:\WINDOWS\system32\SspiCli.dll
0x00007ff9df170000 - 0x00007ff9df1c4000 	C:\WINDOWS\system32\SHLWAPI.dll
0x00007ff9df1d0000 - 0x00007ff9df347000 	C:\WINDOWS\system32\USER32.dll
0x00007ff9dd5a0000 - 0x00007ff9dd734000 	C:\WINDOWS\system32\ole32.dll
0x00007ff9ddc30000 - 0x00007ff9df159000 	C:\WINDOWS\system32\SHELL32.dll
0x00007ff9dbc30000 - 0x00007ff9dbc51000 	C:\WINDOWS\SYSTEM32\USERENV.dll
0x00007ff9dcd80000 - 0x00007ff9dce2a000 	C:\WINDOWS\system32\ADVAPI32.dll
0x00007ff9d1050000 - 0x00007ff9d106e000 	C:\WINDOWS\SYSTEM32\MPR.dll
0x00007ff9dd320000 - 0x00007ff9dd460000 	C:\WINDOWS\system32\RPCRT4.dll
0x00007ff9df460000 - 0x00007ff9df4b9000 	C:\WINDOWS\SYSTEM32\sechost.dll
0x00007ff9dcb60000 - 0x00007ff9dcd72000 	C:\WINDOWS\SYSTEM32\combase.dll
0x00007ff9ddae0000 - 0x00007ff9ddc2b000 	C:\WINDOWS\system32\GDI32.dll
0x00007ff9dc5f0000 - 0x00007ff9dc605000 	C:\WINDOWS\SYSTEM32\profapi.dll
0x00007ff9dab30000 - 0x00007ff9dabe2000 	C:\WINDOWS\SYSTEM32\SHCORE.dll
0x00007ff9dd0a0000 - 0x00007ff9dd0d6000 	C:\WINDOWS\system32\IMM32.DLL
0x00007ff9dd7a0000 - 0x00007ff9dd8f2000 	C:\WINDOWS\system32\MSCTF.dll
0x00007ff9da060000 - 0x00007ff9da2db000 	C:\WINDOWS\WinSxS\amd64_microsoft.windows.common-controls_6595b64144ccf1df_6.0.9600.18006_none_623f33d3ecbe86e8\COMCTL32.dll
0x0000000072460000 - 0x0000000072532000 	C:\Program Files\Java\jdk1.8.0_45\jre\bin\msvcr100.dll
0x0000000072540000 - 0x0000000072dc3000 	C:\Program Files\Java\jdk1.8.0_45\jre\bin\server\jvm.dll
0x00007ff9d1830000 - 0x00007ff9d1839000 	C:\WINDOWS\SYSTEM32\WSOCK32.dll
0x00007ff9d56d0000 - 0x00007ff9d56f2000 	C:\WINDOWS\SYSTEM32\WINMM.dll
0x00007ff9db670000 - 0x00007ff9db67a000 	C:\WINDOWS\SYSTEM32\VERSION.dll
0x00007ff9dce30000 - 0x00007ff9dce37000 	C:\WINDOWS\system32\PSAPI.DLL
0x00007ff9df350000 - 0x00007ff9df3aa000 	C:\WINDOWS\system32\WS2_32.dll
0x00007ff9d56a0000 - 0x00007ff9d56ca000 	C:\WINDOWS\SYSTEM32\WINMMBASE.dll
0x00007ff9df160000 - 0x00007ff9df169000 	C:\WINDOWS\system32\NSI.dll
0x00007ff9dcad0000 - 0x00007ff9dcb1f000 	C:\WINDOWS\SYSTEM32\cfgmgr32.dll
0x00007ff9db3b0000 - 0x00007ff9db3d8000 	C:\WINDOWS\SYSTEM32\DEVOBJ.dll
0x0000000072410000 - 0x000000007241f000 	C:\Program Files\Java\jdk1.8.0_45\jre\bin\verify.dll
0x00000000723e0000 - 0x0000000072409000 	C:\Program Files\Java\jdk1.8.0_45\jre\bin\java.dll
0x00000000723c0000 - 0x00000000723d6000 	C:\Program Files\Java\jdk1.8.0_45\jre\bin\zip.dll
0x00007ff9d3070000 - 0x00007ff9d31f9000 	C:\WINDOWS\SYSTEM32\dbghelp.dll

VM Arguments:
jvm_args: -Dfile.encoding=UTF-8 -Xbootclasspath/p:C:\Program Files\NetBeans 8.2\enterprise\modules\ext\javaee6-endorsed\javax.annotation.jar;C:\Program Files\NetBeans 8.2\enterprise\modules\ext\javaee6-endorsed\jaxb-api-osgi.jar;C:\Program Files\NetBeans 8.2\enterprise\modules\ext\javaee6-endorsed\webservices-api-osgi.jar 
java_command: com.sfe.uploads.CustomerDemo
java_class_path (initial): C:\Users\Levi\Documents\I&M Banks\Refactored\sfe\build\web\WEB-INF\classes;C:\Users\Levi\Documents\I&M Banks\Refactored\sfe\lib\RXTXcomm.jar;C:\Users\Levi\Documents\I&M Banks\Refactored\sfe\lib\antlr-2.7.7 (2).jar;C:\Users\Levi\Documents\I&M Banks\Refactored\sfe\lib\antlr-2.7.7.jar;C:\Users\Levi\Documents\I&M Banks\Refactored\sfe\lib\apache-logging-log4j.jar;C:\Users\Levi\Documents\I&M Banks\Refactored\sfe\lib\asm-all-repackaged-2.1.88.jar;C:\Users\Levi\Documents\I&M Banks\Refactored\sfe\lib\c3p0-0.9.2.1.jar;C:\Users\Levi\Documents\I&M Banks\Refactored\sfe\lib\cglib-2.1.88.jar;C:\Users\Levi\Documents\I&M Banks\Refactored\sfe\lib\com.lowagie.text-2.1.7.jar;C:\Users\Levi\Documents\I&M Banks\Refactored\sfe\lib\com.mysql.jdbc_5.1.5.jar;C:\Users\Levi\Documents\I&M Banks\Refactored\sfe\lib\commons-beanutils-1.9.1 (2).jar;C:\Users\Levi\Documents\I&M Banks\Refactored\sfe\lib\commons-beanutils-1.9.1.jar;C:\Users\Levi\Documents\I&M Banks\Refactored\sfe\lib\commons-beanutils.jar;C:\Users\Levi\Documents\I&M Banks\Refactored\sfe\lib\commons-cli-1.2.jar;C:\Users\Levi\Documents\I&M Banks\Refactored\sfe\lib\commons-cli.jar;C:\Users\Levi\Documents\I&M Banks\Refactored\sfe\lib\commons-codec.jar;C:\Users\Levi\Documents\I&M Banks\Refactored\sfe\lib\commons-collections-3.2.2.jar;C:\Users\Levi\Documents\I&M Banks\Refactored\sfe\lib\commons-digester.jar;C:\Users\Levi\Documents\I&M Banks\Refactored\sfe\lib\commons-httpclient-3.1.jar;C:\Users\Levi\Documents\I&M Banks\Refactored\sfe\lib\commons-io-2.4.jar;C:\Users\Levi\Documents\I&M Banks\Refactored\sfe\lib\commons-javaflow-1209105-sources.jar;C:\Users\Levi\Documents\I&M Banks\Refactored\sfe\lib\commons-lang.jar;C:\Users\Levi\Documents\I&M Banks\Refactored\sfe\lib\commons-logging-1.1.jar;C:\Users\Levi\Documents\I&M Banks\Refactored\sfe\lib\commons-net-2.0.jar;C:\Users\Levi\Documents\I&M Banks\Refactored\sfe\lib\dom4j-1.6.1.jar;C:\Users\Levi\Documents\I&M Banks\Refactored\sfe\lib\ehcache-core-2.4.3.jar;C:\Users\Le
Launcher Type: SUN_STANDARD

Environment Variables:
JAVA_HOME=C:\Program Files\Java\jdk1.8.0_45
CLASSPATH=.;C:\Program Files\Java\jdk1.8.0_45;C:\Program Files\Java\jdk1.8.0_45\jre;C:\Program Files\Java\jdk1.8.0_45\lib;C:\Program Files\Java\jdk1.8.0_45\jre\lib;C:\Program Files\Java\jdk1.8.0_45
PATH=C:\oraclexe\app\oracle\product\11.2.0\server\bin;C:\ProgramData\Oracle\Java\javapath;C:\Program Files (x86)\Intel\iCLS Client\;C:\Program Files\Intel\iCLS Client\;C:\WINDOWS\system32;C:\WINDOWS;C:\WINDOWS\System32\Wbem;C:\WINDOWS\System32\WindowsPowerShell\v1.0\;C:\Program Files\Intel\Intel(R) Management Engine Components\DAL;C:\Program Files\Intel\Intel(R) Management Engine Components\IPT;C:\Program Files (x86)\Intel\Intel(R) Management Engine Components\DAL;C:\Program Files (x86)\Intel\Intel(R) Management Engine Components\IPT;C:\Program Files (x86)\Intel\OpenCL SDK\2.0\bin\x86;C:\Program Files (x86)\Intel\OpenCL SDK\2.0\bin\x64;C:\ProgramData\Lenovo\ReadyApps;C:\Program Files\Intel\WiFi\bin\;C:\Program Files\Common Files\Intel\WirelessCommon\;C:\apache-tomcat-9.0.0.M18\bin;C:\Program Files\Microsoft SQL Server\110\DTS\Binn\;C:\Program Files (x86)\Microsoft SQL Server\110\Tools\Binn\;C:\Program Files\Microsoft SQL Server\110\Tools\Binn\;C:\apache-maven-3.5.0\bin;C:\Program Files (x86)\Microsof;C:\Program Files\nodejs\;C:\Program Files (x86)\Skype\Phone\;C:\Program Files\Microsoft SQL Server Migration Assistant for Access\bin\;C:\Program Files\Git\cmd;C:\Users\Levi\AppData\Roaming\npm
USERNAME=Levi
OS=Windows_NT
PROCESSOR_IDENTIFIER=Intel64 Family 6 Model 58 Stepping 9, GenuineIntel



---------------  S Y S T E M  ---------------

OS: Windows 8.1 , 64 bit Build 9600 (6.3.9600.17415)

CPU:total 4 (2 cores per cpu, 2 threads per core) family 6 model 58 stepping 9, cmov, cx8, fxsr, mmx, sse, sse2, sse3, ssse3, sse4.1, sse4.2, popcnt, avx, aes, clmul, erms, ht, tsc, tscinvbit, tscinv

Memory: 4k page, physical 16592480k(4173804k free), swap 19410528k(3795756k free)

vm_info: Java HotSpot(TM) 64-Bit Server VM (25.45-b02) for windows-amd64 JRE (1.8.0_45-b14), built on Apr 10 2015 10:34:15 by "java_re" with MS VC++ 10.0 (VS2010)

time: Fri Sep 29 23:12:42 2017
elapsed time: 29 seconds (0d 0h 0m 29s)

