#
# A fatal error has been detected by the Java Runtime Environment:
#
#  EXCEPTION_ACCESS_VIOLATION (0xc0000005) at pc=0x0000000072652b18, pid=20680, tid=30100
#
# JRE version: Java(TM) SE Runtime Environment (8.0_45-b14) (build 1.8.0_45-b14)
# Java VM: Java HotSpot(TM) 64-Bit Server VM (25.45-b02 mixed mode windows-amd64 compressed oops)
# Problematic frame:
# V  [jvm.dll+0x112b18]
#
# Failed to write core dump. Minidumps are not enabled by default on client versions of Windows
#
# If you would like to submit a bug report, please visit:
#   http://bugreport.java.com/bugreport/crash.jsp
#

---------------  T H R E A D  ---------------

Current thread (0x00000000028d1000):  GCTaskThread [stack: 0x0000000012db0000,0x0000000012eb0000] [id=30100]

siginfo: ExceptionCode=0xc0000005, reading address 0xffffffffffffffff

Registers:
RAX=0x0000000012eb0000, RBX=0x0000000000002000, RCX=0x0000000000000000, RDX=0x0000000000000000
RSP=0x0000000012eafa20, RBP=0x0000000717902e54, RSI=0x000000000000000c, RDI=0x000000001be65240
R8 =0x007ffffffc9ea010, R9 =0x000000000000000c, R10=0x000000000000000c, R11=0x0000000000002dff
R12=0x0000000717902e70, R13=0x00000007c00d3280, R14=0x00000007c00d3290, R15=0x0000000717902e18
RIP=0x0000000072652b18, EFLAGS=0x0000000000010246

Top of Stack: (sp=0x0000000012eafa20)
0x0000000012eafa20:   0000000717902db8 0000000717902e50
0x0000000012eafa30:   000000000000000c 000000001be65240
0x0000000012eafa40:   0000000000000000 00000000028d14f0
0x0000000012eafa50:   00000000028c32c0 0000000000000003
0x0000000012eafa60:   0000000000002dff 000000007292f680
0x0000000012eafa70:   000000001c7e2038 0000000000000000
0x0000000012eafa80:   000000001be65240 0000000072b84a88
0x0000000012eafa90:   00000007a0c7e3f0 00000000729335c8
0x0000000012eafaa0:   0000000072d44040 0000000000000005
0x0000000012eafab0:   0000000000000000 000000001be65240
0x0000000012eafac0:   00000006f736d1f4 0000000072652be6
0x0000000012eafad0:   00000007a0c7e3f0 00000000028c32c0
0x0000000012eafae0:   00000000028d1500 00000000028d14f0
0x0000000012eafaf0:   0000000072b84a88 0000000000000003
0x0000000012eafb00:   000000001ff25d50 0000000000000000
0x0000000012eafb10:   000000001be65240 000000007292d0af 

Instructions: (pc=0x0000000072652b18)
0x0000000072652af8:   05 43 15 6f 00 49 c1 e8 03 49 d3 e8 41 0f b6 c0
0x0000000072652b08:   49 c1 e8 06 24 3f 0f b6 d0 48 8b 05 58 15 6f 00
0x0000000072652b18:   4a 8b 0c c0 48 0f a3 d1 0f 82 59 01 00 00 0f b6
0x0000000072652b28:   15 b4 71 6e 00 84 d2 74 16 44 8b 43 08 8b 0d 6d 


Register to memory mapping:

RAX=0x0000000012eb0000 is an unknown value
RBX=0x0000000000002000 is an unknown value
RCX=0x0000000000000000 is an unknown value
RDX=0x0000000000000000 is an unknown value
RSP=0x0000000012eafa20 is an unknown value
RBP=0x0000000717902e54 is pointing into object: 0x0000000717902e18
org.apache.xmlbeans.impl.store.Xobj$ElementXobj 
 - klass: 'org/apache/xmlbeans/impl/store/Xobj$ElementXobj'
RSI=0x000000000000000c is an unknown value
RDI=0x000000001be65240 is an unknown value
R8 =0x007ffffffc9ea010 is an unknown value
R9 =0x000000000000000c is an unknown value
R10=0x000000000000000c is an unknown value
R11=0x0000000000002dff is an unknown value
R12=0x0000000717902e70 is pointing into object: 0x0000000717902e18
org.apache.xmlbeans.impl.store.Xobj$ElementXobj 
 - klass: 'org/apache/xmlbeans/impl/store/Xobj$ElementXobj'
R13=0x00000007c00d3280 is pointing into metadata
R14=0x00000007c00d3290 is pointing into metadata
R15=0x0000000717902e18 is an oop
org.apache.xmlbeans.impl.store.Xobj$ElementXobj 
 - klass: 'org/apache/xmlbeans/impl/store/Xobj$ElementXobj'


Stack: [0x0000000012db0000,0x0000000012eb0000],  sp=0x0000000012eafa20,  free space=1022k
Native frames: (J=compiled Java code, j=interpreted, Vv=VM code, C=native code)
V  [jvm.dll+0x112b18]
V  [jvm.dll+0x3ef680]
V  [jvm.dll+0x3ed0af]
V  [jvm.dll+0x3ea33e]
V  [jvm.dll+0x29853a]
C  [msvcr100.dll+0x21d9f]
C  [msvcr100.dll+0x21e3b]
C  [KERNEL32.DLL+0x13d2]
C  [ntdll.dll+0x154f4]


---------------  P R O C E S S  ---------------

Java Threads: ( => current thread )
  0x000000001bf3b000 JavaThread "Service Thread" daemon [_thread_blocked, id=24624, stack(0x000000001db30000,0x000000001dc30000)]
  0x000000001bf32800 JavaThread "C1 CompilerThread2" daemon [_thread_blocked, id=20568, stack(0x000000001d630000,0x000000001d730000)]
  0x000000001beec800 JavaThread "C2 CompilerThread1" daemon [_thread_blocked, id=29172, stack(0x000000001d530000,0x000000001d630000)]
  0x000000001bee6800 JavaThread "C2 CompilerThread0" daemon [_thread_blocked, id=29052, stack(0x000000001d430000,0x000000001d530000)]
  0x000000001bee4800 JavaThread "Attach Listener" daemon [_thread_blocked, id=13796, stack(0x000000001d330000,0x000000001d430000)]
  0x000000001bee1800 JavaThread "Signal Dispatcher" daemon [_thread_blocked, id=22456, stack(0x000000001d230000,0x000000001d330000)]
  0x00000000029a9000 JavaThread "Finalizer" daemon [_thread_blocked, id=8504, stack(0x000000001d130000,0x000000001d230000)]
  0x00000000029a5800 JavaThread "Reference Handler" daemon [_thread_blocked, id=5200, stack(0x000000001d030000,0x000000001d130000)]
  0x00000000028b5800 JavaThread "main" [_thread_blocked, id=2548, stack(0x0000000002740000,0x0000000002840000)]

Other Threads:
  0x000000001bea9800 VMThread [stack: 0x000000001cf30000,0x000000001d030000] [id=10200]
  0x000000001d759800 WatcherThread [stack: 0x000000001dc30000,0x000000001dd30000] [id=26876]

=>0x00000000028d1000 (exited) GCTaskThread [stack: 0x0000000012db0000,0x0000000012eb0000] [id=30100]

VM state:at safepoint (normal execution)

VM Mutex/Monitor currently owned by a thread:  ([mutex/lock_event])
[0x00000000028b2550] Threads_lock - owner thread: 0x000000001bea9800
[0x00000000028b27d0] Heap_lock - owner thread: 0x00000000028b5800

Heap:
 PSYoungGen      total 877056K, used 201210K [0x000000076b980000, 0x00000007c0000000, 0x00000007c0000000)
  eden space 675840K, 0% used [0x000000076b980000,0x000000076b980000,0x0000000794d80000)
  from space 201216K, 99% used [0x0000000794d80000,0x00000007a11fea88,0x00000007a1200000)
  to   space 373760K, 0% used [0x00000007a9300000,0x00000007a9300000,0x00000007c0000000)
 ParOldGen       total 1508864K, used 1508710K [0x00000006c2c00000, 0x000000071ed80000, 0x000000076b980000)
  object space 1508864K, 99% used [0x00000006c2c00000,0x000000071ed59918,0x000000071ed80000)
 Metaspace       used 10105K, capacity 10204K, committed 10368K, reserved 1058816K
  class space    used 1126K, capacity 1140K, committed 1152K, reserved 1048576K

Card table byte_map: [0x0000000011d70000,0x0000000012560000] byte_map_base: 0x000000000e75a000

Marking Bits: (ParMarkBitMap*) 0x0000000072d44040
 Begin Bits: [0x0000000012eb0000, 0x0000000016e00000)
 End Bits:   [0x0000000016e00000, 0x000000001ad50000)

Polling page: 0x0000000000d40000

CodeCache: size=245760Kb used=6954Kb max_used=6966Kb free=238805Kb
 bounds [0x00000000029b0000, 0x0000000003090000, 0x00000000119b0000]
 total_blobs=1838 nmethods=1505 adapters=246
 compilation: enabled

Compilation events (10 events):
Event: 28.444 Thread 0x000000001beec800 nmethod 1512 0x000000000306dbd0 code [0x000000000306dd20, 0x000000000306dda8]
Event: 28.444 Thread 0x000000001beec800 1514       4       org.apache.poi.xssf.usermodel.XSSFRow::getRowNum (13 bytes)
Event: 28.453 Thread 0x000000001bee6800 nmethod 1513 0x00000000030823d0 code [0x0000000003082560, 0x0000000003082e78]
Event: 28.454 Thread 0x000000001beec800 nmethod 1514 0x0000000003083550 code [0x0000000003083700, 0x0000000003084058]
Event: 28.463 Thread 0x000000001bee6800 1515       4       org.apache.xmlbeans.impl.store.Locale::getScrubBuffer (51 bytes)
Event: 28.468 Thread 0x000000001beec800 1516   !   4       org.apache.xmlbeans.impl.values.JavaLongHolderEx::set_text (53 bytes)
Event: 28.470 Thread 0x000000001bee6800 nmethod 1515 0x0000000003078f50 code [0x00000000030790e0, 0x0000000003079658]
Event: 28.477 Thread 0x000000001beec800 nmethod 1516 0x0000000003084850 code [0x00000000030849a0, 0x0000000003084f78]
Event: 28.485 Thread 0x000000001bee6800 1517       4       org.apache.xmlbeans.impl.store.Locale$ScrubBuffer::getResultAsString (8 bytes)
Event: 28.491 Thread 0x000000001bee6800 nmethod 1517 0x000000000306a850 code [0x000000000306a9a0, 0x000000000306af78]

GC Heap History (10 events):
Event: 11.910 GC heap after
Heap after GC invocations=22 (full 2):
 PSYoungGen      total 836096K, used 160255K [0x000000076b980000, 0x00000007afd00000, 0x00000007c0000000)
  eden space 675840K, 0% used [0x000000076b980000,0x000000076b980000,0x0000000794d80000)
  from space 160256K, 99% used [0x00000007a1200000,0x00000007aae7fc48,0x00000007aae80000)
  to   space 201216K, 0% used [0x0000000794d80000,0x0000000794d80000,0x00000007a1200000)
 ParOldGen       total 516608K, used 303197K [0x00000006c2c00000, 0x00000006e2480000, 0x000000076b980000)
  object space 516608K, 58% used [0x00000006c2c00000,0x00000006d5417648,0x00000006e2480000)
 Metaspace       used 9691K, capacity 9770K, committed 9856K, reserved 1058816K
  class space    used 1082K, capacity 1105K, committed 1152K, reserved 1048576K
}
Event: 14.826 GC heap before
{Heap before GC invocations=23 (full 2):
 PSYoungGen      total 836096K, used 836095K [0x000000076b980000, 0x00000007afd00000, 0x00000007c0000000)
  eden space 675840K, 100% used [0x000000076b980000,0x0000000794d80000,0x0000000794d80000)
  from space 160256K, 99% used [0x00000007a1200000,0x00000007aae7fc48,0x00000007aae80000)
  to   space 201216K, 0% used [0x0000000794d80000,0x0000000794d80000,0x00000007a1200000)
 ParOldGen       total 516608K, used 303197K [0x00000006c2c00000, 0x00000006e2480000, 0x000000076b980000)
  object space 516608K, 58% used [0x00000006c2c00000,0x00000006d5417648,0x00000006e2480000)
 Metaspace       used 9736K, capacity 9834K, committed 10112K, reserved 1058816K
  class space    used 1082K, capacity 1105K, committed 1152K, reserved 1048576K
Event: 16.877 GC heap after
Heap after GC invocations=23 (full 2):
 PSYoungGen      total 836096K, used 836095K [0x000000076b980000, 0x00000007afd00000, 0x00000007c0000000)
  eden space 675840K, 100% used [0x000000076b980000,0x0000000794d80000,0x0000000794d80000)
  from space 160256K, 99% used [0x00000007a1200000,0x00000007aae7fc48,0x00000007aae80000)
  to   space 201216K, 99% used [0x0000000794d80000,0x00000007a11fff98,0x00000007a1200000)
 ParOldGen       total 867840K, used 867725K [0x00000006c2c00000, 0x00000006f7b80000, 0x000000076b980000)
  object space 867840K, 99% used [0x00000006c2c00000,0x00000006f7b634a8,0x00000006f7b80000)
 Metaspace       used 9736K, capacity 9834K, committed 10112K, reserved 1058816K
  class space    used 1082K, capacity 1105K, committed 1152K, reserved 1048576K
}
Event: 16.877 GC heap before
{Heap before GC invocations=24 (full 3):
 PSYoungGen      total 836096K, used 836095K [0x000000076b980000, 0x00000007afd00000, 0x00000007c0000000)
  eden space 675840K, 100% used [0x000000076b980000,0x0000000794d80000,0x0000000794d80000)
  from space 160256K, 99% used [0x00000007a1200000,0x00000007aae7fc48,0x00000007aae80000)
  to   space 201216K, 99% used [0x0000000794d80000,0x00000007a11fff98,0x00000007a1200000)
 ParOldGen       total 867840K, used 867725K [0x00000006c2c00000, 0x00000006f7b80000, 0x000000076b980000)
  object space 867840K, 99% used [0x00000006c2c00000,0x00000006f7b634a8,0x00000006f7b80000)
 Metaspace       used 9736K, capacity 9834K, committed 10112K, reserved 1058816K
  class space    used 1082K, capacity 1105K, committed 1152K, reserved 1048576K
Event: 21.913 GC heap after
Heap after GC invocations=24 (full 3):
 PSYoungGen      total 836096K, used 0K [0x000000076b980000, 0x00000007afd00000, 0x00000007c0000000)
  eden space 675840K, 0% used [0x000000076b980000,0x000000076b980000,0x0000000794d80000)
  from space 160256K, 0% used [0x00000007a1200000,0x00000007a1200000,0x00000007aae80000)
  to   space 201216K, 92% used [0x0000000794d80000,0x00000007a04267a8,0x00000007a1200000)
 ParOldGen       total 1131008K, used 867714K [0x00000006c2c00000, 0x0000000707c80000, 0x000000076b980000)
  object space 1131008K, 76% used [0x00000006c2c00000,0x00000006f7b60ba8,0x0000000707c80000)
 Metaspace       used 9736K, capacity 9834K, committed 10112K, reserved 1058816K
  class space    used 1082K, capacity 1105K, committed 1152K, reserved 1048576K
}
Event: 24.027 GC heap before
{Heap before GC invocations=25 (full 4):
 PSYoungGen      total 836096K, used 675840K [0x000000076b980000, 0x00000007afd00000, 0x00000007c0000000)
  eden space 675840K, 100% used [0x000000076b980000,0x0000000794d80000,0x0000000794d80000)
  from space 160256K, 0% used [0x00000007a1200000,0x00000007a1200000,0x00000007aae80000)
  to   space 201216K, 92% used [0x0000000794d80000,0x00000007a04267a8,0x00000007a1200000)
 ParOldGen       total 1131008K, used 867714K [0x00000006c2c00000, 0x0000000707c80000, 0x000000076b980000)
  object space 1131008K, 76% used [0x00000006c2c00000,0x00000006f7b60ba8,0x0000000707c80000)
 Metaspace       used 10104K, capacity 10204K, committed 10368K, reserved 1058816K
  class space    used 1126K, capacity 1140K, committed 1152K, reserved 1048576K
Event: 28.251 GC heap after
Heap after GC invocations=25 (full 4):
 PSYoungGen      total 836096K, used 498318K [0x000000076b980000, 0x00000007afd00000, 0x00000007c0000000)
  eden space 675840K, 73% used [0x000000076b980000,0x000000078a023a10,0x0000000794d80000)
  from space 160256K, 0% used [0x00000007a1200000,0x00000007a1200000,0x00000007aae80000)
  to   space 201216K, 0% used [0x0000000794d80000,0x0000000794d80000,0x00000007a1200000)
 ParOldGen       total 1463808K, used 1130977K [0x00000006c2c00000, 0x000000071c180000, 0x000000076b980000)
  object space 1463808K, 77% used [0x00000006c2c00000,0x0000000707c78418,0x000000071c180000)
 Metaspace       used 10104K, capacity 10204K, committed 10368K, reserved 1058816K
  class space    used 1126K, capacity 1140K, committed 1152K, reserved 1048576K
}
Event: 28.709 GC heap before
{Heap before GC invocations=26 (full 4):
 PSYoungGen      total 836096K, used 675840K [0x000000076b980000, 0x00000007afd00000, 0x00000007c0000000)
  eden space 675840K, 100% used [0x000000076b980000,0x0000000794d80000,0x0000000794d80000)
  from space 160256K, 0% used [0x00000007a1200000,0x00000007a1200000,0x00000007aae80000)
  to   space 201216K, 0% used [0x0000000794d80000,0x0000000794d80000,0x00000007a1200000)
 ParOldGen       total 1463808K, used 1130977K [0x00000006c2c00000, 0x000000071c180000, 0x000000076b980000)
  object space 1463808K, 77% used [0x00000006c2c00000,0x0000000707c78418,0x000000071c180000)
 Metaspace       used 10105K, capacity 10204K, committed 10368K, reserved 1058816K
  class space    used 1126K, capacity 1140K, committed 1152K, reserved 1048576K
Event: 29.405 GC heap after
Heap after GC invocations=26 (full 4):
 PSYoungGen      total 877056K, used 201210K [0x000000076b980000, 0x00000007c0000000, 0x00000007c0000000)
  eden space 675840K, 0% used [0x000000076b980000,0x000000076b980000,0x0000000794d80000)
  from space 201216K, 99% used [0x0000000794d80000,0x00000007a11fea88,0x00000007a1200000)
  to   space 373760K, 0% used [0x00000007a9300000,0x00000007a9300000,0x00000007c0000000)
 ParOldGen       total 1508864K, used 1508710K [0x00000006c2c00000, 0x000000071ed80000, 0x000000076b980000)
  object space 1508864K, 99% used [0x00000006c2c00000,0x000000071ed59918,0x000000071ed80000)
 Metaspace       used 10105K, capacity 10204K, committed 10368K, reserved 1058816K
  class space    used 1126K, capacity 1140K, committed 1152K, reserved 1048576K
}
Event: 29.405 GC heap before
{Heap before GC invocations=27 (full 5):
 PSYoungGen      total 877056K, used 201210K [0x000000076b980000, 0x00000007c0000000, 0x00000007c0000000)
  eden space 675840K, 0% used [0x000000076b980000,0x000000076b980000,0x0000000794d80000)
  from space 201216K, 99% used [0x0000000794d80000,0x00000007a11fea88,0x00000007a1200000)
  to   space 373760K, 0% used [0x00000007a9300000,0x00000007a9300000,0x00000007c0000000)
 ParOldGen       total 1508864K, used 1508710K [0x00000006c2c00000, 0x000000071ed80000, 0x000000076b980000)
  object space 1508864K, 99% used [0x00000006c2c00000,0x000000071ed59918,0x000000071ed80000)
 Metaspace       used 10105K, capacity 10204K, committed 10368K, reserved 1058816K
  class space    used 1126K, capacity 1140K, committed 1152K, reserved 1048576K

Deoptimization events (10 events):
Event: 23.730 Thread 0x00000000028b5800 Uncommon trap: reason=class_check action=maybe_recompile pc=0x0000000002fe5370 method=org.apache.xmlbeans.impl.store.Xobj.getUser()Lorg/apache/xmlbeans/impl/values/TypeStoreUser; @ 122
Event: 23.730 Thread 0x00000000028b5800 Uncommon trap: reason=class_check action=maybe_recompile pc=0x0000000002fe5370 method=org.apache.xmlbeans.impl.store.Xobj.getUser()Lorg/apache/xmlbeans/impl/values/TypeStoreUser; @ 122
Event: 23.730 Thread 0x00000000028b5800 Uncommon trap: reason=class_check action=maybe_recompile pc=0x0000000002fe5370 method=org.apache.xmlbeans.impl.store.Xobj.getUser()Lorg/apache/xmlbeans/impl/values/TypeStoreUser; @ 122
Event: 23.732 Thread 0x00000000028b5800 Uncommon trap: reason=unstable_if action=reinterpret pc=0x0000000002fdf8f8 method=org.apache.xmlbeans.impl.schema.SchemaTypeImpl.isBuiltinType()Z @ 4
Event: 23.732 Thread 0x00000000028b5800 Uncommon trap: reason=unstable_if action=reinterpret pc=0x0000000002e46540 method=org.apache.xmlbeans.impl.store.Xobj.getValueAsString(I)Ljava/lang/String; @ 14
Event: 23.834 Thread 0x00000000028b5800 Uncommon trap: reason=class_check action=maybe_recompile pc=0x0000000002e49404 method=org.apache.xmlbeans.impl.store.CharUtil.getString(Ljava/lang/Object;II)Ljava/lang/String; @ 55
Event: 28.475 Thread 0x00000000028b5800 Uncommon trap: reason=class_check action=maybe_recompile pc=0x000000000307b354 method=org.apache.xmlbeans.impl.store.Locale$ScrubBuffer.scrub(Ljava/lang/Object;II)V @ 25
Event: 28.475 Thread 0x00000000028b5800 Uncommon trap: reason=class_check action=maybe_recompile pc=0x0000000002d39940 method=org.apache.xmlbeans.impl.store.CharUtil.getChars([CILjava/lang/Object;II)V @ 84
Event: 28.669 Thread 0x00000000028b5800 Uncommon trap: reason=class_check action=maybe_recompile pc=0x000000000307b354 method=org.apache.xmlbeans.impl.store.Locale$ScrubBuffer.scrub(Ljava/lang/Object;II)V @ 25
Event: 28.669 Thread 0x00000000028b5800 Uncommon trap: reason=class_check action=maybe_recompile pc=0x0000000002d39940 method=org.apache.xmlbeans.impl.store.CharUtil.getChars([CILjava/lang/Object;II)V @ 84

Internal exceptions (10 events):
Event: 2.694 Thread 0x00000000028b5800 Exception <a 'java/security/PrivilegedActionException'> (0x0000000771960fd0) thrown at [C:\re\workspace\8-2-build-windows-amd64-cygwin\jdk8u45\3457\hotspot\src\share\vm\prims\jvm.cpp, line 1382]
Event: 2.694 Thread 0x00000000028b5800 Exception <a 'java/security/PrivilegedActionException'> (0x0000000771961318) thrown at [C:\re\workspace\8-2-build-windows-amd64-cygwin\jdk8u45\3457\hotspot\src\share\vm\prims\jvm.cpp, line 1382]
Event: 2.695 Thread 0x00000000028b5800 Exception <a 'java/security/PrivilegedActionException'> (0x0000000771970ac8) thrown at [C:\re\workspace\8-2-build-windows-amd64-cygwin\jdk8u45\3457\hotspot\src\share\vm\prims\jvm.cpp, line 1382]
Event: 2.695 Thread 0x00000000028b5800 Exception <a 'java/security/PrivilegedActionException'> (0x0000000771970e10) thrown at [C:\re\workspace\8-2-build-windows-amd64-cygwin\jdk8u45\3457\hotspot\src\share\vm\prims\jvm.cpp, line 1382]
Event: 2.695 Thread 0x00000000028b5800 Exception <a 'java/security/PrivilegedActionException'> (0x00000007719811b0) thrown at [C:\re\workspace\8-2-build-windows-amd64-cygwin\jdk8u45\3457\hotspot\src\share\vm\prims\jvm.cpp, line 1382]
Event: 2.695 Thread 0x00000000028b5800 Exception <a 'java/security/PrivilegedActionException'> (0x00000007719814f8) thrown at [C:\re\workspace\8-2-build-windows-amd64-cygwin\jdk8u45\3457\hotspot\src\share\vm\prims\jvm.cpp, line 1382]
Event: 4.940 Thread 0x00000000028b5800 Implicit null exception at 0x0000000002d96d99 to 0x0000000002d97b2d
Event: 11.388 Thread 0x00000000028b5800 Implicit null exception at 0x0000000002e56a8f to 0x0000000002e56c41
Event: 11.388 Thread 0x00000000028b5800 Implicit null exception at 0x0000000002e674f7 to 0x0000000002e67c9d
Event: 23.462 Thread 0x00000000028b5800 Implicit null exception at 0x0000000002e405b0 to 0x0000000002e406ad

Events (10 events):
Event: 28.475 Thread 0x00000000028b5800 Uncommon trap: trap_request=0xffffffde fr.pc=0x0000000002d39940
Event: 28.475 Thread 0x00000000028b5800 DEOPT PACKING pc=0x0000000002d39940 sp=0x000000000283ea30
Event: 28.475 Thread 0x00000000028b5800 DEOPT UNPACKING pc=0x00000000029f582a sp=0x000000000283ea08 mode 2
Event: 28.669 Thread 0x00000000028b5800 Uncommon trap: trap_request=0xffffffde fr.pc=0x000000000307b354
Event: 28.669 Thread 0x00000000028b5800 DEOPT PACKING pc=0x000000000307b354 sp=0x000000000283eab0
Event: 28.669 Thread 0x00000000028b5800 DEOPT UNPACKING pc=0x00000000029f582a sp=0x000000000283ea88 mode 2
Event: 28.669 Thread 0x00000000028b5800 Uncommon trap: trap_request=0xffffffde fr.pc=0x0000000002d39940
Event: 28.669 Thread 0x00000000028b5800 DEOPT PACKING pc=0x0000000002d39940 sp=0x000000000283ea30
Event: 28.669 Thread 0x00000000028b5800 DEOPT UNPACKING pc=0x00000000029f582a sp=0x000000000283ea08 mode 2
Event: 28.708 Executing VM operation: ParallelGCFailedAllocation


Dynamic libraries:
0x00007ff7ee9e0000 - 0x00007ff7eea17000 	C:\Program Files\Java\jdk1.8.0_45\bin\java.exe
0x00007ff9df4c0000 - 0x00007ff9df66d000 	C:\WINDOWS\SYSTEM32\ntdll.dll
0x00007ff9dd460000 - 0x00007ff9dd59e000 	C:\WINDOWS\system32\KERNEL32.DLL
0x00007ff9bf830000 - 0x00007ff9bf863000 	C:\Program Files (x86)\AVG\Antivirus\x64\aswhooka.dll
0x00007ff9dc6c0000 - 0x00007ff9dc7d5000 	C:\WINDOWS\system32\KERNELBASE.dll
0x00007ff9db160000 - 0x00007ff9db1ee000 	C:\WINDOWS\system32\apphelp.dll
0x00007ff9d65c0000 - 0x00007ff9d6613000 	C:\WINDOWS\AppPatch\AppPatch64\AcGenral.DLL
0x00007ff9df3b0000 - 0x00007ff9df45a000 	C:\WINDOWS\system32\msvcrt.dll
0x00007ff9dcb20000 - 0x00007ff9dcb4e000 	C:\WINDOWS\system32\SspiCli.dll
0x00007ff9df170000 - 0x00007ff9df1c4000 	C:\WINDOWS\system32\SHLWAPI.dll
0x00007ff9df1d0000 - 0x00007ff9df347000 	C:\WINDOWS\system32\USER32.dll
0x00007ff9dd5a0000 - 0x00007ff9dd734000 	C:\WINDOWS\system32\ole32.dll
0x00007ff9ddc30000 - 0x00007ff9df159000 	C:\WINDOWS\system32\SHELL32.dll
0x00007ff9dbc30000 - 0x00007ff9dbc51000 	C:\WINDOWS\SYSTEM32\USERENV.dll
0x00007ff9dcd80000 - 0x00007ff9dce2a000 	C:\WINDOWS\system32\ADVAPI32.dll
0x00007ff9d1050000 - 0x00007ff9d106e000 	C:\WINDOWS\SYSTEM32\MPR.dll
0x00007ff9dd320000 - 0x00007ff9dd460000 	C:\WINDOWS\system32\RPCRT4.dll
0x00007ff9df460000 - 0x00007ff9df4b9000 	C:\WINDOWS\SYSTEM32\sechost.dll
0x00007ff9dcb60000 - 0x00007ff9dcd72000 	C:\WINDOWS\SYSTEM32\combase.dll
0x00007ff9ddae0000 - 0x00007ff9ddc2b000 	C:\WINDOWS\system32\GDI32.dll
0x00007ff9dc5f0000 - 0x00007ff9dc605000 	C:\WINDOWS\SYSTEM32\profapi.dll
0x00007ff9dab30000 - 0x00007ff9dabe2000 	C:\WINDOWS\SYSTEM32\SHCORE.dll
0x00007ff9dd0a0000 - 0x00007ff9dd0d6000 	C:\WINDOWS\system32\IMM32.DLL
0x00007ff9dd7a0000 - 0x00007ff9dd8f2000 	C:\WINDOWS\system32\MSCTF.dll
0x00007ff9da060000 - 0x00007ff9da2db000 	C:\WINDOWS\WinSxS\amd64_microsoft.windows.common-controls_6595b64144ccf1df_6.0.9600.18006_none_623f33d3ecbe86e8\COMCTL32.dll
0x0000000072460000 - 0x0000000072532000 	C:\Program Files\Java\jdk1.8.0_45\jre\bin\msvcr100.dll
0x0000000072540000 - 0x0000000072dc3000 	C:\Program Files\Java\jdk1.8.0_45\jre\bin\server\jvm.dll
0x00007ff9d1830000 - 0x00007ff9d1839000 	C:\WINDOWS\SYSTEM32\WSOCK32.dll
0x00007ff9d56d0000 - 0x00007ff9d56f2000 	C:\WINDOWS\SYSTEM32\WINMM.dll
0x00007ff9db670000 - 0x00007ff9db67a000 	C:\WINDOWS\SYSTEM32\VERSION.dll
0x00007ff9dce30000 - 0x00007ff9dce37000 	C:\WINDOWS\system32\PSAPI.DLL
0x00007ff9df350000 - 0x00007ff9df3aa000 	C:\WINDOWS\system32\WS2_32.dll
0x00007ff9d56a0000 - 0x00007ff9d56ca000 	C:\WINDOWS\SYSTEM32\WINMMBASE.dll
0x00007ff9df160000 - 0x00007ff9df169000 	C:\WINDOWS\system32\NSI.dll
0x00007ff9dcad0000 - 0x00007ff9dcb1f000 	C:\WINDOWS\SYSTEM32\cfgmgr32.dll
0x00007ff9db3b0000 - 0x00007ff9db3d8000 	C:\WINDOWS\SYSTEM32\DEVOBJ.dll
0x0000000072410000 - 0x000000007241f000 	C:\Program Files\Java\jdk1.8.0_45\jre\bin\verify.dll
0x00000000723e0000 - 0x0000000072409000 	C:\Program Files\Java\jdk1.8.0_45\jre\bin\java.dll
0x00000000723c0000 - 0x00000000723d6000 	C:\Program Files\Java\jdk1.8.0_45\jre\bin\zip.dll
0x00007ff9d3070000 - 0x00007ff9d31f9000 	C:\WINDOWS\SYSTEM32\dbghelp.dll

VM Arguments:
jvm_args: -Dfile.encoding=UTF-8 -Xbootclasspath/p:C:\Program Files\NetBeans 8.2\enterprise\modules\ext\javaee6-endorsed\javax.annotation.jar;C:\Program Files\NetBeans 8.2\enterprise\modules\ext\javaee6-endorsed\jaxb-api-osgi.jar;C:\Program Files\NetBeans 8.2\enterprise\modules\ext\javaee6-endorsed\webservices-api-osgi.jar 
java_command: com.sfe.uploads.CustomerDemo
java_class_path (initial): C:\Users\Levi\Documents\I&M Banks\Refactored\sfe\build\web\WEB-INF\classes;C:\Users\Levi\Documents\I&M Banks\Refactored\sfe\lib\RXTXcomm.jar;C:\Users\Levi\Documents\I&M Banks\Refactored\sfe\lib\antlr-2.7.7 (2).jar;C:\Users\Levi\Documents\I&M Banks\Refactored\sfe\lib\antlr-2.7.7.jar;C:\Users\Levi\Documents\I&M Banks\Refactored\sfe\lib\apache-logging-log4j.jar;C:\Users\Levi\Documents\I&M Banks\Refactored\sfe\lib\asm-all-repackaged-2.1.88.jar;C:\Users\Levi\Documents\I&M Banks\Refactored\sfe\lib\c3p0-0.9.2.1.jar;C:\Users\Levi\Documents\I&M Banks\Refactored\sfe\lib\cglib-2.1.88.jar;C:\Users\Levi\Documents\I&M Banks\Refactored\sfe\lib\com.lowagie.text-2.1.7.jar;C:\Users\Levi\Documents\I&M Banks\Refactored\sfe\lib\com.mysql.jdbc_5.1.5.jar;C:\Users\Levi\Documents\I&M Banks\Refactored\sfe\lib\commons-beanutils-1.9.1 (2).jar;C:\Users\Levi\Documents\I&M Banks\Refactored\sfe\lib\commons-beanutils-1.9.1.jar;C:\Users\Levi\Documents\I&M Banks\Refactored\sfe\lib\commons-beanutils.jar;C:\Users\Levi\Documents\I&M Banks\Refactored\sfe\lib\commons-cli-1.2.jar;C:\Users\Levi\Documents\I&M Banks\Refactored\sfe\lib\commons-cli.jar;C:\Users\Levi\Documents\I&M Banks\Refactored\sfe\lib\commons-codec.jar;C:\Users\Levi\Documents\I&M Banks\Refactored\sfe\lib\commons-collections-3.2.2.jar;C:\Users\Levi\Documents\I&M Banks\Refactored\sfe\lib\commons-digester.jar;C:\Users\Levi\Documents\I&M Banks\Refactored\sfe\lib\commons-httpclient-3.1.jar;C:\Users\Levi\Documents\I&M Banks\Refactored\sfe\lib\commons-io-2.4.jar;C:\Users\Levi\Documents\I&M Banks\Refactored\sfe\lib\commons-javaflow-1209105-sources.jar;C:\Users\Levi\Documents\I&M Banks\Refactored\sfe\lib\commons-lang.jar;C:\Users\Levi\Documents\I&M Banks\Refactored\sfe\lib\commons-logging-1.1.jar;C:\Users\Levi\Documents\I&M Banks\Refactored\sfe\lib\commons-net-2.0.jar;C:\Users\Levi\Documents\I&M Banks\Refactored\sfe\lib\dom4j-1.6.1.jar;C:\Users\Levi\Documents\I&M Banks\Refactored\sfe\lib\ehcache-core-2.4.3.jar;C:\Users\Le
Launcher Type: SUN_STANDARD

Environment Variables:
JAVA_HOME=C:\Program Files\Java\jdk1.8.0_45
CLASSPATH=.;C:\Program Files\Java\jdk1.8.0_45;C:\Program Files\Java\jdk1.8.0_45\jre;C:\Program Files\Java\jdk1.8.0_45\lib;C:\Program Files\Java\jdk1.8.0_45\jre\lib;C:\Program Files\Java\jdk1.8.0_45
PATH=C:\oraclexe\app\oracle\product\11.2.0\server\bin;C:\ProgramData\Oracle\Java\javapath;C:\Program Files (x86)\Intel\iCLS Client\;C:\Program Files\Intel\iCLS Client\;C:\WINDOWS\system32;C:\WINDOWS;C:\WINDOWS\System32\Wbem;C:\WINDOWS\System32\WindowsPowerShell\v1.0\;C:\Program Files\Intel\Intel(R) Management Engine Components\DAL;C:\Program Files\Intel\Intel(R) Management Engine Components\IPT;C:\Program Files (x86)\Intel\Intel(R) Management Engine Components\DAL;C:\Program Files (x86)\Intel\Intel(R) Management Engine Components\IPT;C:\Program Files (x86)\Intel\OpenCL SDK\2.0\bin\x86;C:\Program Files (x86)\Intel\OpenCL SDK\2.0\bin\x64;C:\ProgramData\Lenovo\ReadyApps;C:\Program Files\Intel\WiFi\bin\;C:\Program Files\Common Files\Intel\WirelessCommon\;C:\apache-tomcat-9.0.0.M18\bin;C:\Program Files\Microsoft SQL Server\110\DTS\Binn\;C:\Program Files (x86)\Microsoft SQL Server\110\Tools\Binn\;C:\Program Files\Microsoft SQL Server\110\Tools\Binn\;C:\apache-maven-3.5.0\bin;C:\Program Files (x86)\Microsof;C:\Program Files\nodejs\;C:\Program Files (x86)\Skype\Phone\;C:\Program Files\Microsoft SQL Server Migration Assistant for Access\bin\;C:\Program Files\Git\cmd;C:\Users\Levi\AppData\Roaming\npm
USERNAME=Levi
OS=Windows_NT
PROCESSOR_IDENTIFIER=Intel64 Family 6 Model 58 Stepping 9, GenuineIntel



---------------  S Y S T E M  ---------------

OS: Windows 8.1 , 64 bit Build 9600 (6.3.9600.17415)

CPU:total 4 (2 cores per cpu, 2 threads per core) family 6 model 58 stepping 9, cmov, cx8, fxsr, mmx, sse, sse2, sse3, ssse3, sse4.1, sse4.2, popcnt, avx, aes, clmul, erms, ht, tsc, tscinvbit, tscinv

Memory: 4k page, physical 16592480k(4139164k free), swap 19410528k(3999108k free)

vm_info: Java HotSpot(TM) 64-Bit Server VM (25.45-b02) for windows-amd64 JRE (1.8.0_45-b14), built on Apr 10 2015 10:34:15 by "java_re" with MS VC++ 10.0 (VS2010)

time: Fri Sep 29 23:35:09 2017
elapsed time: 29 seconds (0d 0h 0m 29s)

