#
# A fatal error has been detected by the Java Runtime Environment:
#
#  EXCEPTION_ACCESS_VIOLATION (0xc0000005) at pc=0x0000000072652b18, pid=28740, tid=24784
#
# JRE version: Java(TM) SE Runtime Environment (8.0_45-b14) (build 1.8.0_45-b14)
# Java VM: Java HotSpot(TM) 64-Bit Server VM (25.45-b02 mixed mode windows-amd64 compressed oops)
# Problematic frame:
# V  [jvm.dll+0x112b18]
#
# Failed to write core dump. Minidumps are not enabled by default on client versions of Windows
#
# If you would like to submit a bug report, please visit:
#   http://bugreport.java.com/bugreport/crash.jsp
#

---------------  T H R E A D  ---------------

Current thread (0x0000000002a7e000):  GCTaskThread [stack: 0x0000000012d60000,0x0000000012e60000] [id=24784]

siginfo: ExceptionCode=0xc0000005, reading address 0xffffffffffffffff

Registers:
RAX=0x0000000013060000, RBX=0x0000000000002000, RCX=0x0000000000000000, RDX=0x0000000000000000
RSP=0x0000000012e5f900, RBP=0x00000007a08ea54c, RSI=0x000000000000000c, RDI=0x000000001bfd4fe0
R8 =0x007ffffffc9ea010, R9 =0x000000000000000c, R10=0x000000000000000c, R11=0x0000000000001248
R12=0x00000007a08ea558, R13=0x00000007c00dd540, R14=0x00000007c00dd548, R15=0x00000007a08ea500
RIP=0x0000000072652b18, EFLAGS=0x0000000000010246

Top of Stack: (sp=0x0000000012e5f900)
0x0000000012e5f900:   00000007a08ea4a0 00000007a08ea538
0x0000000012e5f910:   000000000000000c 000000001bfd4fe0
0x0000000012e5f920:   0000000000000000 0000000002a7e310
0x0000000012e5f930:   0000000002a72f80 0000000000000001
0x0000000012e5f940:   0000000000001248 000000007292f680
0x0000000012e5f950:   000000001c75d280 0000000000000000
0x0000000012e5f960:   000000001bfd4fe0 0000000072b84a88
0x0000000012e5f970:   00000006dd081f38 00000000729335c8
0x0000000012e5f980:   0000000072d44040 0000000000000005
0x0000000012e5f990:   0000000600000000 00010637000005a4
0x0000000012e5f9a0:   00000006dc3ee554 0000000072652be6
0x0000000012e5f9b0:   00000006dd081f38 0000000002a72f80
0x0000000012e5f9c0:   0000000002a7e320 0000000002a7e310
0x0000000012e5f9d0:   0000000072b84a88 0000000000000001
0x0000000012e5f9e0:   000000001edc0a70 0000000000000000
0x0000000012e5f9f0:   000000001bfd4fe0 000000007292d0af 

Instructions: (pc=0x0000000072652b18)
0x0000000072652af8:   05 43 15 6f 00 49 c1 e8 03 49 d3 e8 41 0f b6 c0
0x0000000072652b08:   49 c1 e8 06 24 3f 0f b6 d0 48 8b 05 58 15 6f 00
0x0000000072652b18:   4a 8b 0c c0 48 0f a3 d1 0f 82 59 01 00 00 0f b6
0x0000000072652b28:   15 b4 71 6e 00 84 d2 74 16 44 8b 43 08 8b 0d 6d 


Register to memory mapping:

RAX=0x0000000013060000 is an unknown value
RBX=0x0000000000002000 is an unknown value
RCX=0x0000000000000000 is an unknown value
RDX=0x0000000000000000 is an unknown value
RSP=0x0000000012e5f900 is an unknown value
RBP=0x00000007a08ea54c is an unknown value
RSI=0x000000000000000c is an unknown value
RDI=0x000000001bfd4fe0 is an unknown value
R8 =0x007ffffffc9ea010 is an unknown value
R9 =0x000000000000000c is an unknown value
R10=0x000000000000000c is an unknown value
R11=0x0000000000001248 is an unknown value
R12=0x00000007a08ea558 is an oop

[error occurred during error reporting (printing register info), id 0xc0000005]

Stack: [0x0000000012d60000,0x0000000012e60000],  sp=0x0000000012e5f900,  free space=1022k
Native frames: (J=compiled Java code, j=interpreted, Vv=VM code, C=native code)
V  [jvm.dll+0x112b18]
V  [jvm.dll+0x3ef680]
V  [jvm.dll+0x3ed0af]
V  [jvm.dll+0x3ea33e]
V  [jvm.dll+0x29853a]
C  [msvcr100.dll+0x21d9f]
C  [msvcr100.dll+0x21e3b]
C  [KERNEL32.DLL+0x13d2]
C  [ntdll.dll+0x154f4]


---------------  P R O C E S S  ---------------

Java Threads: ( => current thread )
  0x000000001d911800 JavaThread "Service Thread" daemon [_thread_blocked, id=20796, stack(0x000000001dce0000,0x000000001dde0000)]
  0x000000001c0a1800 JavaThread "C1 CompilerThread2" daemon [_thread_blocked, id=7828, stack(0x000000001d7e0000,0x000000001d8e0000)]
  0x000000001c09c000 JavaThread "C2 CompilerThread1" daemon [_thread_blocked, id=25716, stack(0x000000001d6e0000,0x000000001d7e0000)]
  0x000000001c096800 JavaThread "C2 CompilerThread0" daemon [_thread_blocked, id=14580, stack(0x000000001d5e0000,0x000000001d6e0000)]
  0x000000001c094800 JavaThread "Attach Listener" daemon [_thread_blocked, id=15188, stack(0x000000001d4e0000,0x000000001d5e0000)]
  0x000000001c091000 JavaThread "Signal Dispatcher" daemon [_thread_blocked, id=19900, stack(0x000000001d3e0000,0x000000001d4e0000)]
  0x0000000002b59000 JavaThread "Finalizer" daemon [_thread_blocked, id=23680, stack(0x000000001d2e0000,0x000000001d3e0000)]
  0x0000000002b55800 JavaThread "Reference Handler" daemon [_thread_blocked, id=8708, stack(0x000000001d1e0000,0x000000001d2e0000)]
  0x0000000002a65800 JavaThread "main" [_thread_blocked, id=19652, stack(0x0000000002960000,0x0000000002a60000)]

Other Threads:
  0x000000001c059800 VMThread [stack: 0x000000001d0e0000,0x000000001d1e0000] [id=19032]
  0x000000001d912000 WatcherThread [stack: 0x000000001dde0000,0x000000001dee0000] [id=10128]

=>0x0000000002a7e000 (exited) GCTaskThread [stack: 0x0000000012d60000,0x0000000012e60000] [id=24784]

VM state:at safepoint (normal execution)

VM Mutex/Monitor currently owned by a thread:  ([mutex/lock_event])
[0x0000000002a628d0] Threads_lock - owner thread: 0x000000001c059800
[0x0000000002a62c50] Heap_lock - owner thread: 0x0000000002a65800

Heap:
 PSYoungGen      total 905216K, used 249314K [0x000000076b980000, 0x00000007c0000000, 0x00000007c0000000)
  eden space 655872K, 0% used [0x000000076b980000,0x000000076b980000,0x0000000793a00000)
  from space 249344K, 99% used [0x0000000793a00000,0x00000007a2d78b90,0x00000007a2d80000)
  to   space 437248K, 0% used [0x00000007a5500000,0x00000007a5500000,0x00000007c0000000)
 ParOldGen       total 916992K, used 915634K [0x00000006c2c00000, 0x00000006fab80000, 0x000000076b980000)
  object space 916992K, 99% used [0x00000006c2c00000,0x00000006faa2ca10,0x00000006fab80000)
 Metaspace       used 9731K, capacity 9770K, committed 9856K, reserved 1058816K
  class space    used 1082K, capacity 1105K, committed 1152K, reserved 1048576K

Card table byte_map: [0x0000000011f20000,0x0000000012710000] byte_map_base: 0x000000000e90a000

Marking Bits: (ParMarkBitMap*) 0x0000000072d44040
 Begin Bits: [0x0000000013060000, 0x0000000016fb0000)
 End Bits:   [0x0000000016fb0000, 0x000000001af00000)

Polling page: 0x0000000002860000

CodeCache: size=245760Kb used=6261Kb max_used=6261Kb free=239498Kb
 bounds [0x0000000002b60000, 0x0000000003190000, 0x0000000011b60000]
 total_blobs=1626 nmethods=1294 adapters=245
 compilation: enabled

Compilation events (10 events):
Event: 13.102 Thread 0x000000001c096800 1310       4       org.apache.xmlbeans.impl.piccolo.xml.PiccoloLexer::yy_refill (248 bytes)
Event: 13.119 Thread 0x000000001c096800 nmethod 1310 0x00000000030d5e50 code [0x00000000030d5fe0, 0x00000000030d6ca8]
Event: 13.544 Thread 0x000000001c09c000 1311       4       org.apache.xmlbeans.impl.piccolo.xml.FastNamespaceSupport::pushContext (27 bytes)
Event: 13.545 Thread 0x000000001c09c000 nmethod 1311 0x00000000030ca890 code [0x00000000030ca9e0, 0x00000000030caad8]
Event: 13.885 Thread 0x000000001c0a1800 1312 % !   3       org.apache.xmlbeans.impl.piccolo.xml.PiccoloLexer::yylex @ 45 (7145 bytes)
Event: 13.988 Thread 0x000000001c0a1800 nmethod 1312% 0x00000000030d7990 code [0x00000000030da0e0, 0x0000000003100488]
Event: 14.022 Thread 0x000000001c0a1800 1313 % !   3       org.apache.xmlbeans.impl.piccolo.xml.PiccoloLexer::yylex @ 111 (7145 bytes)
Event: 14.124 Thread 0x000000001c0a1800 nmethod 1313% 0x0000000003113f10 code [0x0000000003116660, 0x000000000313d8e8]
Event: 14.151 Thread 0x000000001c0a1800 1314   !   3       org.apache.xmlbeans.impl.piccolo.xml.PiccoloLexer::yylex (7145 bytes)
Event: 14.253 Thread 0x000000001c0a1800 nmethod 1314 0x00000000031513d0 code [0x0000000003153b00, 0x0000000003178888]

GC Heap History (10 events):
Event: 9.458 GC heap after
Heap after GC invocations=20 (full 2):
 PSYoungGen      total 754688K, used 119970K [0x000000076b980000, 0x00000007a4e00000, 0x00000007c0000000)
  eden space 624128K, 0% used [0x000000076b980000,0x000000076b980000,0x0000000791b00000)
  from space 130560K, 91% used [0x000000079ab00000,0x00000007a20288a8,0x00000007a2a80000)
  to   space 147456K, 0% used [0x0000000791b00000,0x0000000791b00000,0x000000079ab00000)
 ParOldGen       total 522752K, used 252587K [0x00000006c2c00000, 0x00000006e2a80000, 0x000000076b980000)
  object space 522752K, 48% used [0x00000006c2c00000,0x00000006d22aaed8,0x00000006e2a80000)
 Metaspace       used 9572K, capacity 9610K, committed 9856K, reserved 1058816K
  class space    used 1052K, capacity 1073K, committed 1152K, reserved 1048576K
}
Event: 9.898 GC heap before
{Heap before GC invocations=21 (full 2):
 PSYoungGen      total 754688K, used 744098K [0x000000076b980000, 0x00000007a4e00000, 0x00000007c0000000)
  eden space 624128K, 100% used [0x000000076b980000,0x0000000791b00000,0x0000000791b00000)
  from space 130560K, 91% used [0x000000079ab00000,0x00000007a20288a8,0x00000007a2a80000)
  to   space 147456K, 0% used [0x0000000791b00000,0x0000000791b00000,0x000000079ab00000)
 ParOldGen       total 522752K, used 252587K [0x00000006c2c00000, 0x00000006e2a80000, 0x000000076b980000)
  object space 522752K, 48% used [0x00000006c2c00000,0x00000006d22aaed8,0x00000006e2a80000)
 Metaspace       used 9572K, capacity 9610K, committed 9856K, reserved 1058816K
  class space    used 1052K, capacity 1073K, committed 1152K, reserved 1048576K
Event: 10.016 GC heap after
Heap after GC invocations=21 (full 2):
 PSYoungGen      total 771584K, used 129086K [0x000000076b980000, 0x00000007ace00000, 0x00000007c0000000)
  eden space 624128K, 0% used [0x000000076b980000,0x000000076b980000,0x0000000791b00000)
  from space 147456K, 87% used [0x0000000791b00000,0x000000079990f908,0x000000079ab00000)
  to   space 164352K, 0% used [0x00000007a2d80000,0x00000007a2d80000,0x00000007ace00000)
 ParOldGen       total 522752K, used 260655K [0x00000006c2c00000, 0x00000006e2a80000, 0x000000076b980000)
  object space 522752K, 49% used [0x00000006c2c00000,0x00000006d2a8be78,0x00000006e2a80000)
 Metaspace       used 9572K, capacity 9610K, committed 9856K, reserved 1058816K
  class space    used 1052K, capacity 1073K, committed 1152K, reserved 1048576K
}
Event: 10.999 GC heap before
{Heap before GC invocations=22 (full 2):
 PSYoungGen      total 771584K, used 753214K [0x000000076b980000, 0x00000007ace00000, 0x00000007c0000000)
  eden space 624128K, 100% used [0x000000076b980000,0x0000000791b00000,0x0000000791b00000)
  from space 147456K, 87% used [0x0000000791b00000,0x000000079990f908,0x000000079ab00000)
  to   space 164352K, 0% used [0x00000007a2d80000,0x00000007a2d80000,0x00000007ace00000)
 ParOldGen       total 522752K, used 260655K [0x00000006c2c00000, 0x00000006e2a80000, 0x000000076b980000)
  object space 522752K, 49% used [0x00000006c2c00000,0x00000006d2a8be78,0x00000006e2a80000)
 Metaspace       used 9687K, capacity 9770K, committed 9856K, reserved 1058816K
  class space    used 1082K, capacity 1105K, committed 1152K, reserved 1048576K
Event: 11.248 GC heap after
Heap after GC invocations=22 (full 2):
 PSYoungGen      total 820224K, used 164351K [0x000000076b980000, 0x00000007b7400000, 0x00000007c0000000)
  eden space 655872K, 0% used [0x000000076b980000,0x000000076b980000,0x0000000793a00000)
  from space 164352K, 99% used [0x00000007a2d80000,0x00000007acdffee8,0x00000007ace00000)
  to   space 249344K, 0% used [0x0000000793a00000,0x0000000793a00000,0x00000007a2d80000)
 ParOldGen       total 522752K, used 420008K [0x00000006c2c00000, 0x00000006e2a80000, 0x000000076b980000)
  object space 522752K, 80% used [0x00000006c2c00000,0x00000006dc62a010,0x00000006e2a80000)
 Metaspace       used 9687K, capacity 9770K, committed 9856K, reserved 1058816K
  class space    used 1082K, capacity 1105K, committed 1152K, reserved 1048576K
}
Event: 11.248 GC heap before
{Heap before GC invocations=23 (full 3):
 PSYoungGen      total 820224K, used 164351K [0x000000076b980000, 0x00000007b7400000, 0x00000007c0000000)
  eden space 655872K, 0% used [0x000000076b980000,0x000000076b980000,0x0000000793a00000)
  from space 164352K, 99% used [0x00000007a2d80000,0x00000007acdffee8,0x00000007ace00000)
  to   space 249344K, 0% used [0x0000000793a00000,0x0000000793a00000,0x00000007a2d80000)
 ParOldGen       total 522752K, used 420008K [0x00000006c2c00000, 0x00000006e2a80000, 0x000000076b980000)
  object space 522752K, 80% used [0x00000006c2c00000,0x00000006dc62a010,0x00000006e2a80000)
 Metaspace       used 9687K, capacity 9770K, committed 9856K, reserved 1058816K
  class space    used 1082K, capacity 1105K, committed 1152K, reserved 1048576K
Event: 12.844 GC heap after
Heap after GC invocations=23 (full 3):
 PSYoungGen      total 820224K, used 53025K [0x000000076b980000, 0x00000007b7400000, 0x00000007c0000000)
  eden space 655872K, 0% used [0x000000076b980000,0x000000076b980000,0x0000000793a00000)
  from space 164352K, 32% used [0x00000007a2d80000,0x00000007a61487c8,0x00000007ace00000)
  to   space 249344K, 0% used [0x0000000793a00000,0x0000000793a00000,0x00000007a2d80000)
 ParOldGen       total 836608K, used 522300K [0x00000006c2c00000, 0x00000006f5d00000, 0x000000076b980000)
  object space 836608K, 62% used [0x00000006c2c00000,0x00000006e2a0f160,0x00000006f5d00000)
 Metaspace       used 9687K, capacity 9770K, committed 9856K, reserved 1058816K
  class space    used 1082K, capacity 1105K, committed 1152K, reserved 1048576K
}
Event: 15.328 GC heap before
{Heap before GC invocations=24 (full 3):
 PSYoungGen      total 820224K, used 708897K [0x000000076b980000, 0x00000007b7400000, 0x00000007c0000000)
  eden space 655872K, 100% used [0x000000076b980000,0x0000000793a00000,0x0000000793a00000)
  from space 164352K, 32% used [0x00000007a2d80000,0x00000007a61487c8,0x00000007ace00000)
  to   space 249344K, 0% used [0x0000000793a00000,0x0000000793a00000,0x00000007a2d80000)
 ParOldGen       total 836608K, used 522300K [0x00000006c2c00000, 0x00000006f5d00000, 0x000000076b980000)
  object space 836608K, 62% used [0x00000006c2c00000,0x00000006e2a0f160,0x00000006f5d00000)
 Metaspace       used 9731K, capacity 9770K, committed 9856K, reserved 1058816K
  class space    used 1082K, capacity 1105K, committed 1152K, reserved 1048576K
Event: 16.606 GC heap after
Heap after GC invocations=24 (full 3):
 PSYoungGen      total 905216K, used 249314K [0x000000076b980000, 0x00000007c0000000, 0x00000007c0000000)
  eden space 655872K, 0% used [0x000000076b980000,0x000000076b980000,0x0000000793a00000)
  from space 249344K, 99% used [0x0000000793a00000,0x00000007a2d78b90,0x00000007a2d80000)
  to   space 437248K, 0% used [0x00000007a5500000,0x00000007a5500000,0x00000007c0000000)
 ParOldGen       total 916992K, used 915634K [0x00000006c2c00000, 0x00000006fab80000, 0x000000076b980000)
  object space 916992K, 99% used [0x00000006c2c00000,0x00000006faa2ca10,0x00000006fab80000)
 Metaspace       used 9731K, capacity 9770K, committed 9856K, reserved 1058816K
  class space    used 1082K, capacity 1105K, committed 1152K, reserved 1048576K
}
Event: 16.606 GC heap before
{Heap before GC invocations=25 (full 4):
 PSYoungGen      total 905216K, used 249314K [0x000000076b980000, 0x00000007c0000000, 0x00000007c0000000)
  eden space 655872K, 0% used [0x000000076b980000,0x000000076b980000,0x0000000793a00000)
  from space 249344K, 99% used [0x0000000793a00000,0x00000007a2d78b90,0x00000007a2d80000)
  to   space 437248K, 0% used [0x00000007a5500000,0x00000007a5500000,0x00000007c0000000)
 ParOldGen       total 916992K, used 915634K [0x00000006c2c00000, 0x00000006fab80000, 0x000000076b980000)
  object space 916992K, 99% used [0x00000006c2c00000,0x00000006faa2ca10,0x00000006fab80000)
 Metaspace       used 9731K, capacity 9770K, committed 9856K, reserved 1058816K
  class space    used 1082K, capacity 1105K, committed 1152K, reserved 1048576K

Deoptimization events (10 events):
Event: 10.335 Thread 0x0000000002a65800 Uncommon trap: reason=unstable_if action=reinterpret pc=0x0000000002f49570 method=org.apache.xmlbeans.impl.store.Xobj.isAttr()Z @ 5
Event: 10.335 Thread 0x0000000002a65800 Uncommon trap: reason=class_check action=maybe_recompile pc=0x0000000002f327bc method=org.apache.xmlbeans.impl.values.XmlObjectBase.get_store()Lorg/apache/xmlbeans/impl/values/TypeStore; @ 28
Event: 10.335 Thread 0x0000000002a65800 Uncommon trap: reason=unstable_if action=reinterpret pc=0x0000000002f3c1cc method=org.apache.xmlbeans.SchemaComponent$Ref.getComponent()Lorg/apache/xmlbeans/SchemaComponent; @ 4
Event: 10.343 Thread 0x0000000002a65800 Uncommon trap: reason=unstable_if action=reinterpret pc=0x0000000002f322a0 method=org.apache.xmlbeans.SchemaComponent$Ref.getComponent()Lorg/apache/xmlbeans/SchemaComponent; @ 4
Event: 10.346 Thread 0x0000000002a65800 Uncommon trap: reason=unstable_if action=reinterpret pc=0x0000000002f324f0 method=org.apache.xmlbeans.impl.store.Xobj.isAttr()Z @ 5
Event: 10.350 Thread 0x0000000002a65800 Uncommon trap: reason=unstable_if action=reinterpret pc=0x0000000002f35938 method=org.apache.xmlbeans.impl.store.Xobj.isAttr()Z @ 5
Event: 10.354 Thread 0x0000000002a65800 Uncommon trap: reason=class_check action=maybe_recompile pc=0x0000000002f31f0c method=org.apache.xmlbeans.impl.values.XmlObjectBase.attach_store(Lorg/apache/xmlbeans/impl/values/TypeStore;)V @ 37
Event: 10.354 Thread 0x0000000002a65800 Uncommon trap: reason=class_check action=maybe_recompile pc=0x0000000002f327bc method=org.apache.xmlbeans.impl.values.XmlObjectBase.get_store()Lorg/apache/xmlbeans/impl/values/TypeStore; @ 28
Event: 10.354 Thread 0x0000000002a65800 Uncommon trap: reason=class_check action=maybe_recompile pc=0x0000000002f327bc method=org.apache.xmlbeans.impl.values.XmlObjectBase.get_store()Lorg/apache/xmlbeans/impl/values/TypeStore; @ 28
Event: 10.369 Thread 0x0000000002a65800 Uncommon trap: reason=unstable_if action=reinterpret pc=0x0000000002ea55fc method=org.apache.xmlbeans.impl.piccolo.util.CharStringConverter.convert([CII)Ljava/lang/String; @ 8

Internal exceptions (10 events):
Event: 2.166 Thread 0x0000000002a65800 Exception <a 'java/security/PrivilegedActionException'> (0x0000000771b16ae8) thrown at [C:\re\workspace\8-2-build-windows-amd64-cygwin\jdk8u45\3457\hotspot\src\share\vm\prims\jvm.cpp, line 1382]
Event: 2.166 Thread 0x0000000002a65800 Exception <a 'java/security/PrivilegedActionException'> (0x0000000771b16e30) thrown at [C:\re\workspace\8-2-build-windows-amd64-cygwin\jdk8u45\3457\hotspot\src\share\vm\prims\jvm.cpp, line 1382]
Event: 2.166 Thread 0x0000000002a65800 Exception <a 'java/security/PrivilegedActionException'> (0x0000000771b265e0) thrown at [C:\re\workspace\8-2-build-windows-amd64-cygwin\jdk8u45\3457\hotspot\src\share\vm\prims\jvm.cpp, line 1382]
Event: 2.166 Thread 0x0000000002a65800 Exception <a 'java/security/PrivilegedActionException'> (0x0000000771b26928) thrown at [C:\re\workspace\8-2-build-windows-amd64-cygwin\jdk8u45\3457\hotspot\src\share\vm\prims\jvm.cpp, line 1382]
Event: 2.167 Thread 0x0000000002a65800 Exception <a 'java/security/PrivilegedActionException'> (0x0000000771b36cc8) thrown at [C:\re\workspace\8-2-build-windows-amd64-cygwin\jdk8u45\3457\hotspot\src\share\vm\prims\jvm.cpp, line 1382]
Event: 2.167 Thread 0x0000000002a65800 Exception <a 'java/security/PrivilegedActionException'> (0x0000000771b37010) thrown at [C:\re\workspace\8-2-build-windows-amd64-cygwin\jdk8u45\3457\hotspot\src\share\vm\prims\jvm.cpp, line 1382]
Event: 4.185 Thread 0x0000000002a65800 Implicit null exception at 0x0000000002f45227 to 0x0000000002f45fd1
Event: 10.332 Thread 0x0000000002a65800 Implicit null exception at 0x0000000002fed70f to 0x0000000002fed8c1
Event: 10.333 Thread 0x0000000002a65800 Implicit null exception at 0x0000000003017ef7 to 0x000000000301869d
Event: 10.334 Thread 0x0000000002a65800 Implicit null exception at 0x0000000002f3929d to 0x0000000002f39461

Events (10 events):
Event: 10.512 Thread 0x0000000002a65800 DEOPT UNPACKING pc=0x0000000002ba787f sp=0x0000000002a5e510 mode 0
Event: 10.518 Thread 0x0000000002a65800 DEOPT PACKING pc=0x00000000030b2ea9 sp=0x0000000002a5e7c0
Event: 10.518 Thread 0x0000000002a65800 DEOPT UNPACKING pc=0x0000000002ba787f sp=0x0000000002a5e510 mode 0
Event: 10.525 Thread 0x0000000002a65800 DEOPT PACKING pc=0x00000000030b2ea9 sp=0x0000000002a5e7c0
Event: 10.525 Thread 0x0000000002a65800 DEOPT UNPACKING pc=0x0000000002ba787f sp=0x0000000002a5e510 mode 0
Event: 10.530 Thread 0x0000000002a65800 DEOPT PACKING pc=0x00000000030b2ea9 sp=0x0000000002a5e7c0
Event: 10.530 Thread 0x0000000002a65800 DEOPT UNPACKING pc=0x0000000002ba787f sp=0x0000000002a5e510 mode 0
Event: 10.999 Executing VM operation: ParallelGCFailedAllocation
Event: 12.845 Executing VM operation: ParallelGCFailedAllocation done
Event: 15.328 Executing VM operation: ParallelGCFailedAllocation


Dynamic libraries:
0x00007ff7ee9e0000 - 0x00007ff7eea17000 	C:\Program Files\Java\jdk1.8.0_45\bin\java.exe
0x00007ff9df4c0000 - 0x00007ff9df66d000 	C:\WINDOWS\SYSTEM32\ntdll.dll
0x00007ff9dd460000 - 0x00007ff9dd59e000 	C:\WINDOWS\system32\KERNEL32.DLL
0x00007ff9bf830000 - 0x00007ff9bf863000 	C:\Program Files (x86)\AVG\Antivirus\x64\aswhooka.dll
0x00007ff9dc6c0000 - 0x00007ff9dc7d5000 	C:\WINDOWS\system32\KERNELBASE.dll
0x00007ff9db160000 - 0x00007ff9db1ee000 	C:\WINDOWS\system32\apphelp.dll
0x00007ff9d65c0000 - 0x00007ff9d6613000 	C:\WINDOWS\AppPatch\AppPatch64\AcGenral.DLL
0x00007ff9df3b0000 - 0x00007ff9df45a000 	C:\WINDOWS\system32\msvcrt.dll
0x00007ff9dcb20000 - 0x00007ff9dcb4e000 	C:\WINDOWS\system32\SspiCli.dll
0x00007ff9df170000 - 0x00007ff9df1c4000 	C:\WINDOWS\system32\SHLWAPI.dll
0x00007ff9df1d0000 - 0x00007ff9df347000 	C:\WINDOWS\system32\USER32.dll
0x00007ff9dd5a0000 - 0x00007ff9dd734000 	C:\WINDOWS\system32\ole32.dll
0x00007ff9ddc30000 - 0x00007ff9df159000 	C:\WINDOWS\system32\SHELL32.dll
0x00007ff9dbc30000 - 0x00007ff9dbc51000 	C:\WINDOWS\SYSTEM32\USERENV.dll
0x00007ff9dcd80000 - 0x00007ff9dce2a000 	C:\WINDOWS\system32\ADVAPI32.dll
0x00007ff9d1050000 - 0x00007ff9d106e000 	C:\WINDOWS\SYSTEM32\MPR.dll
0x00007ff9dd320000 - 0x00007ff9dd460000 	C:\WINDOWS\system32\RPCRT4.dll
0x00007ff9df460000 - 0x00007ff9df4b9000 	C:\WINDOWS\SYSTEM32\sechost.dll
0x00007ff9dcb60000 - 0x00007ff9dcd72000 	C:\WINDOWS\SYSTEM32\combase.dll
0x00007ff9ddae0000 - 0x00007ff9ddc2b000 	C:\WINDOWS\system32\GDI32.dll
0x00007ff9dc5f0000 - 0x00007ff9dc605000 	C:\WINDOWS\SYSTEM32\profapi.dll
0x00007ff9dab30000 - 0x00007ff9dabe2000 	C:\WINDOWS\SYSTEM32\SHCORE.dll
0x00007ff9dd0a0000 - 0x00007ff9dd0d6000 	C:\WINDOWS\system32\IMM32.DLL
0x00007ff9dd7a0000 - 0x00007ff9dd8f2000 	C:\WINDOWS\system32\MSCTF.dll
0x00007ff9da060000 - 0x00007ff9da2db000 	C:\WINDOWS\WinSxS\amd64_microsoft.windows.common-controls_6595b64144ccf1df_6.0.9600.18006_none_623f33d3ecbe86e8\COMCTL32.dll
0x0000000072460000 - 0x0000000072532000 	C:\Program Files\Java\jdk1.8.0_45\jre\bin\msvcr100.dll
0x0000000072540000 - 0x0000000072dc3000 	C:\Program Files\Java\jdk1.8.0_45\jre\bin\server\jvm.dll
0x00007ff9d1830000 - 0x00007ff9d1839000 	C:\WINDOWS\SYSTEM32\WSOCK32.dll
0x00007ff9d56d0000 - 0x00007ff9d56f2000 	C:\WINDOWS\SYSTEM32\WINMM.dll
0x00007ff9db670000 - 0x00007ff9db67a000 	C:\WINDOWS\SYSTEM32\VERSION.dll
0x00007ff9dce30000 - 0x00007ff9dce37000 	C:\WINDOWS\system32\PSAPI.DLL
0x00007ff9df350000 - 0x00007ff9df3aa000 	C:\WINDOWS\system32\WS2_32.dll
0x00007ff9d56a0000 - 0x00007ff9d56ca000 	C:\WINDOWS\SYSTEM32\WINMMBASE.dll
0x00007ff9df160000 - 0x00007ff9df169000 	C:\WINDOWS\system32\NSI.dll
0x00007ff9dcad0000 - 0x00007ff9dcb1f000 	C:\WINDOWS\SYSTEM32\cfgmgr32.dll
0x00007ff9db3b0000 - 0x00007ff9db3d8000 	C:\WINDOWS\SYSTEM32\DEVOBJ.dll
0x0000000072410000 - 0x000000007241f000 	C:\Program Files\Java\jdk1.8.0_45\jre\bin\verify.dll
0x00000000723e0000 - 0x0000000072409000 	C:\Program Files\Java\jdk1.8.0_45\jre\bin\java.dll
0x00000000723c0000 - 0x00000000723d6000 	C:\Program Files\Java\jdk1.8.0_45\jre\bin\zip.dll
0x00007ff9d3070000 - 0x00007ff9d31f9000 	C:\WINDOWS\SYSTEM32\dbghelp.dll

VM Arguments:
jvm_args: -Dfile.encoding=UTF-8 -Xbootclasspath/p:C:\Program Files\NetBeans 8.2\enterprise\modules\ext\javaee6-endorsed\javax.annotation.jar;C:\Program Files\NetBeans 8.2\enterprise\modules\ext\javaee6-endorsed\jaxb-api-osgi.jar;C:\Program Files\NetBeans 8.2\enterprise\modules\ext\javaee6-endorsed\webservices-api-osgi.jar 
java_command: com.sfe.uploads.CustomerDemo
java_class_path (initial): C:\Users\Levi\Documents\I&M Banks\Refactored\sfe\build\web\WEB-INF\classes;C:\Users\Levi\Documents\I&M Banks\Refactored\sfe\lib\RXTXcomm.jar;C:\Users\Levi\Documents\I&M Banks\Refactored\sfe\lib\antlr-2.7.7 (2).jar;C:\Users\Levi\Documents\I&M Banks\Refactored\sfe\lib\antlr-2.7.7.jar;C:\Users\Levi\Documents\I&M Banks\Refactored\sfe\lib\apache-logging-log4j.jar;C:\Users\Levi\Documents\I&M Banks\Refactored\sfe\lib\asm-all-repackaged-2.1.88.jar;C:\Users\Levi\Documents\I&M Banks\Refactored\sfe\lib\c3p0-0.9.2.1.jar;C:\Users\Levi\Documents\I&M Banks\Refactored\sfe\lib\cglib-2.1.88.jar;C:\Users\Levi\Documents\I&M Banks\Refactored\sfe\lib\com.lowagie.text-2.1.7.jar;C:\Users\Levi\Documents\I&M Banks\Refactored\sfe\lib\com.mysql.jdbc_5.1.5.jar;C:\Users\Levi\Documents\I&M Banks\Refactored\sfe\lib\commons-beanutils-1.9.1 (2).jar;C:\Users\Levi\Documents\I&M Banks\Refactored\sfe\lib\commons-beanutils-1.9.1.jar;C:\Users\Levi\Documents\I&M Banks\Refactored\sfe\lib\commons-beanutils.jar;C:\Users\Levi\Documents\I&M Banks\Refactored\sfe\lib\commons-cli-1.2.jar;C:\Users\Levi\Documents\I&M Banks\Refactored\sfe\lib\commons-cli.jar;C:\Users\Levi\Documents\I&M Banks\Refactored\sfe\lib\commons-codec.jar;C:\Users\Levi\Documents\I&M Banks\Refactored\sfe\lib\commons-collections-3.2.2.jar;C:\Users\Levi\Documents\I&M Banks\Refactored\sfe\lib\commons-digester.jar;C:\Users\Levi\Documents\I&M Banks\Refactored\sfe\lib\commons-httpclient-3.1.jar;C:\Users\Levi\Documents\I&M Banks\Refactored\sfe\lib\commons-io-2.4.jar;C:\Users\Levi\Documents\I&M Banks\Refactored\sfe\lib\commons-javaflow-1209105-sources.jar;C:\Users\Levi\Documents\I&M Banks\Refactored\sfe\lib\commons-lang.jar;C:\Users\Levi\Documents\I&M Banks\Refactored\sfe\lib\commons-logging-1.1.jar;C:\Users\Levi\Documents\I&M Banks\Refactored\sfe\lib\commons-net-2.0.jar;C:\Users\Levi\Documents\I&M Banks\Refactored\sfe\lib\dom4j-1.6.1.jar;C:\Users\Levi\Documents\I&M Banks\Refactored\sfe\lib\ehcache-core-2.4.3.jar;C:\Users\Le
Launcher Type: SUN_STANDARD

Environment Variables:
JAVA_HOME=C:\Program Files\Java\jdk1.8.0_45
CLASSPATH=.;C:\Program Files\Java\jdk1.8.0_45;C:\Program Files\Java\jdk1.8.0_45\jre;C:\Program Files\Java\jdk1.8.0_45\lib;C:\Program Files\Java\jdk1.8.0_45\jre\lib;C:\Program Files\Java\jdk1.8.0_45
PATH=C:\oraclexe\app\oracle\product\11.2.0\server\bin;C:\ProgramData\Oracle\Java\javapath;C:\Program Files (x86)\Intel\iCLS Client\;C:\Program Files\Intel\iCLS Client\;C:\WINDOWS\system32;C:\WINDOWS;C:\WINDOWS\System32\Wbem;C:\WINDOWS\System32\WindowsPowerShell\v1.0\;C:\Program Files\Intel\Intel(R) Management Engine Components\DAL;C:\Program Files\Intel\Intel(R) Management Engine Components\IPT;C:\Program Files (x86)\Intel\Intel(R) Management Engine Components\DAL;C:\Program Files (x86)\Intel\Intel(R) Management Engine Components\IPT;C:\Program Files (x86)\Intel\OpenCL SDK\2.0\bin\x86;C:\Program Files (x86)\Intel\OpenCL SDK\2.0\bin\x64;C:\ProgramData\Lenovo\ReadyApps;C:\Program Files\Intel\WiFi\bin\;C:\Program Files\Common Files\Intel\WirelessCommon\;C:\apache-tomcat-9.0.0.M18\bin;C:\Program Files\Microsoft SQL Server\110\DTS\Binn\;C:\Program Files (x86)\Microsoft SQL Server\110\Tools\Binn\;C:\Program Files\Microsoft SQL Server\110\Tools\Binn\;C:\apache-maven-3.5.0\bin;C:\Program Files (x86)\Microsof;C:\Program Files\nodejs\;C:\Program Files (x86)\Skype\Phone\;C:\Program Files\Microsoft SQL Server Migration Assistant for Access\bin\;C:\Program Files\Git\cmd;C:\Users\Levi\AppData\Roaming\npm
USERNAME=Levi
OS=Windows_NT
PROCESSOR_IDENTIFIER=Intel64 Family 6 Model 58 Stepping 9, GenuineIntel



---------------  S Y S T E M  ---------------

OS: Windows 8.1 , 64 bit Build 9600 (6.3.9600.17415)

CPU:total 4 (2 cores per cpu, 2 threads per core) family 6 model 58 stepping 9, cmov, cx8, fxsr, mmx, sse, sse2, sse3, ssse3, sse4.1, sse4.2, popcnt, avx, aes, clmul, erms, ht, tsc, tscinvbit, tscinv

Memory: 4k page, physical 16592480k(4503076k free), swap 19410528k(4167036k free)

vm_info: Java HotSpot(TM) 64-Bit Server VM (25.45-b02) for windows-amd64 JRE (1.8.0_45-b14), built on Apr 10 2015 10:34:15 by "java_re" with MS VC++ 10.0 (VS2010)

time: Fri Sep 29 23:11:55 2017
elapsed time: 16 seconds (0d 0h 0m 16s)

